Method 'SystemVoidCosmosSystemKernelStart', ID = '0'
Method 'SystemVoidCosmosIL2CPURuntimeEngineInitializeApplication', ID = '1'
Method 'SystemVoidCosmosIL2CPURuntimeEngineFinalizeApplicationSystemInt32', ID = '2'
Method 'SystemBooleanCosmosIL2CPUVTablesImplIsInstanceSystemUInt32SystemUInt32SystemBoolean', ID = '3'
Method 'SystemVoidCosmosIL2CPUVTablesImplSetTypeInfoSystemInt32SystemUInt32SystemUInt32SystemUInt32arraySystemUInt32SystemUInt32arraySystemUInt32arraySystemUInt32SystemUInt32arraySystemUInt32array', ID = '4'
Method 'SystemVoidCosmosIL2CPUVTablesImplSetInterfaceInfoSystemInt32SystemInt32SystemUInt32', ID = '5'
Method 'SystemVoidCosmosIL2CPUVTablesImplSetMethodInfoSystemInt32SystemInt32SystemUInt32SystemUInt32', ID = '6'
Method 'SystemVoidCosmosIL2CPUVTablesImplSetInterfaceMethodInfoSystemInt32SystemInt32SystemUInt32SystemUInt32', ID = '7'
Method 'SystemUInt32CosmosIL2CPUVTablesImplGetMethodAddressForTypeSystemUInt32SystemUInt32', ID = '8'
Method 'SystemUInt32CosmosIL2CPUVTablesImplGetMethodAddressForInterfaceTypeSystemUInt32SystemUInt32', ID = '9'
Method 'SystemVoidCosmosIL2CPUExceptionHelperThrowNotImplementedSystemString', ID = '13'
Method 'SystemVoidCosmosIL2CPUExceptionHelperThrowOverflow', ID = '14'
Method 'SystemVoidCosmosIL2CPUExceptionHelperThrowInvalidOperationSystemString', ID = '15'
Method 'SystemVoidCosmosIL2CPUExceptionHelperThrowArgumentOutOfRangeSystemString', ID = '16'
Method 'SystemVoidSystemArrayctor', ID = '18'
Method 'SystemDelegatearraySystemMulticastDelegateGetInvocationList', ID = '19'
Method 'SystemVoidCosmosIL2CPUExceptionHelperThrowInvalidCastException', ID = '21'
Method 'SystemVoidCosmosIL2CPUExceptionHelperThrowNotFiniteNumberExceptionSystemDouble', ID = '22'
Method 'SystemVoidCosmosIL2CPUExceptionHelperThrowDivideByZeroException', ID = '23'
Method 'SystemVoidCosmosIL2CPUExceptionHelperThrowIndexOutOfRangeException', ID = '24'
Method 'SystemVoidPraUASKernelctor', ID = '25'
Method 'SystemVoidCosmosDebugKernelDebuggerSendSystemString', ID = '30'
Method 'SystemVoidCosmosHALBootstrapInit', ID = '34'
Method 'CosmosHALTextScreenBaseCosmosSystemKernelGetTextScreen', ID = '35'
Method 'SystemVoidCosmosSystemGlobalInitCosmosHALTextScreenBase', ID = '36'
Method 'SystemVoidCosmosSystemKernelBeforeRun', ID = '37'
Method 'SystemVoidCosmosHALGlobalEnableInterrupts', ID = '38'
Method 'SystemVoidCosmosSystemKernelAfterRun', ID = '40'
Method 'SystemVoidCosmosIL2CPURuntimeEngineInitializeEngine', ID = '44'
Method 'SystemVoidCosmosIL2CPURuntimeEngineHeap_Initialize', ID = '45'
Method 'SystemVoidCosmosIL2CPURuntimeEngineFinalizeEngine', ID = '47'
Method 'SystemVoidCosmosIL2CPURuntimeEngineExitProcessSystemInt32', ID = '48'
Method 'SystemVoidCosmosIL2CPUVTablesImplDebugSystemString', ID = '54'
Method 'SystemVoidCosmosIL2CPUVTablesImplDebugHexSystemStringSystemUInt32', ID = '55'
Method 'SystemVoidCosmosIL2CPUVTablesImplDebugAndHaltSystemString', ID = '57'
Method 'SystemVoidCosmosDebugKernelPlugsAsmDebuggerAsmSendKernelPanicSystemUInt32', ID = '59'
Method 'SystemVoidCosmosCore_PlugsGCImplementionImplIncRefCountSystemUInt32', ID = '61'
Method 'SystemVoidCosmosCore_PlugsGCImplementionImplDecRefCountSystemUInt32', ID = '62'
Method 'SystemUInt32CosmosCore_PlugsGCImplementionImplAllocNewObjectSystemUInt32', ID = '63'
Method 'SystemVoidSystemNotImplementedExceptionctorSystemString', ID = '65'
Method 'SystemVoidSystemOverflowExceptionctorSystemString', ID = '66'
Method 'SystemVoidSystemInvalidOperationExceptionctorSystemString', ID = '67'
Method 'SystemVoidSystemArgumentOutOfRangeExceptionctorSystemString', ID = '68'
Method 'SystemDelegatearraySystemDelegateGetInvocationList', ID = '79'
Method 'SystemInt32SystemIntPtrop_ExplicitSystemIntPtr', ID = '82'
Method 'SystemVoidSystemInvalidCastExceptionctor', ID = '83'
Method 'SystemVoidSystemNotFiniteNumberExceptionctorSystemDouble', ID = '85'
Method 'SystemVoidSystemDivideByZeroExceptionctor', ID = '86'
Method 'SystemVoidSystemIndexOutOfRangeExceptionctor', ID = '87'
Method 'SystemVoidCosmosSystemKernelctor', ID = '89'
Method 'SystemVoidCosmosSystemGlobalcctor', ID = '91'
Method 'SystemVoidCosmosCore_PlugsSystemExceptionImplCtorSystemString', ID = '95'
Method 'SystemVoidCosmosCoreBootstrapInit', ID = '102'
Method 'SystemVoidCosmosSystemConsolectorCosmosHALTextScreenBase', ID = '104'
Method 'SystemVoidCosmosHALGlobalInitCosmosHALTextScreenBase', ID = '106'
Method 'SystemVoidCosmosSystemGlobalset_NumLockSystemBoolean', ID = '107'
Method 'SystemVoidCosmosSystemGlobalset_CapsLockSystemBoolean', ID = '108'
Method 'SystemVoidCosmosSystemGlobalset_ScrollLockSystemBoolean', ID = '109'
Method 'SystemVoidPraUASKernelBeforeRun', ID = '110'
Method 'SystemVoidCosmosCoreCPUEnableInterrupts', ID = '112'
Method 'SystemVoidPraUASKernelRun', ID = '113'
Method 'SystemVoidCosmosSystem_PlugsSystemConsoleImplWriteLineSystemString', ID = '115'
Method 'SystemStringSystemValueTypeToString', ID = '116'
Method 'SystemStringSystemStringToString', ID = '117'
Method 'SystemStringSystemBooleanToString', ID = '120'
Method 'SystemStringCosmosCore_PlugsSystemObjectImplToString', ID = '123'
Method 'SystemVoidCosmosIL2CPURuntimeEnginecctor', ID = '124'
Method 'SystemVoidSystemBooleancctor', ID = '130'
Method 'SystemVoidCosmosIL2CPUVTablesImplcctor', ID = '133'
Method 'SystemVoidCosmosDebugKernelDebuggerSendNumberSystemUInt32', ID = '135'
Method 'SystemVoidCosmosCoreMemoryOldGlobalSystemInfoEnsureInitialized', ID = '143'
Method 'SystemUInt32CosmosCoreMemoryOldHeapMemAllocSystemUInt32', ID = '144'
Method 'SystemVoidSystemSystemExceptionctorSystemString', ID = '146'
Method 'SystemVoidSystemExceptionset_HResultSystemInt32', ID = '147'
Method 'SystemVoidSystemArithmeticExceptionctorSystemString', ID = '149'
Method 'SystemStringSystemSRget_Arg_ArgumentOutOfRangeException', ID = '152'
Method 'SystemVoidSystemArgumentExceptionctorSystemStringSystemString', ID = '153'
Method 'SystemVoidCosmosCore_PlugsSystemObjectImplCtor', ID = '154'
Method 'SystemStringSystemSRget_Arg_InvalidCastException', ID = '168'
Method 'SystemVoidSystemDoublecctor', ID = '169'
Method 'SystemVoidSystemArithmeticExceptionctor', ID = '173'
Method 'SystemStringSystemSRget_Arg_DivideByZero', ID = '175'
Method 'SystemStringSystemSRget_Arg_IndexOutOfRangeException', ID = '177'
Method 'SystemVoidCosmosDebugKernelDebuggerctorSystemStringSystemString', ID = '178'
Method 'SystemVoidCosmosDebugKernelPlugsAsmDebuggerAsmDoSendSystemString', ID = '180'
Method 'SystemVoidSystemExceptioncctor', ID = '181'
Method 'SystemVoidCosmosCoreINTsDummy', ID = '185'
Method 'SystemVoidCosmosCorePICctor', ID = '186'
Method 'SystemVoidCosmosHALTextScreenctor', ID = '199'
Method 'SystemVoidCosmosCoreGlobalInit', ID = '202'
Method 'SystemVoidCosmosHALPCISetup', ID = '204'
Method 'SystemVoidCosmosCoreACPIStartSystemBooleanSystemBoolean', ID = '205'
Method 'SystemVoidCosmosHALPS2ControllerInitialize', ID = '207'
Method 'SystemVoidCosmosHALBlockDeviceIDEInitDriver', ID = '208'
Method 'SystemVoidCosmosHALBlockDeviceAHCIInitDriver', ID = '209'
Method 'SystemVoidCosmosSystemKeyboardManagerset_NumLockSystemBoolean', ID = '210'
Method 'SystemVoidCosmosSystemKeyboardManagerset_CapsLockSystemBoolean', ID = '211'
Method 'SystemVoidCosmosSystemKeyboardManagerset_ScrollLockSystemBoolean', ID = '212'
Method 'SystemVoidCosmosHALGlobalcctor', ID = '213'
Method 'SystemBooleanSystemStringop_EqualitySystemStringSystemString', ID = '219'
Method 'SystemVoidCosmosSystemPowerShutdown', ID = '220'
Method 'SystemStringSystemStringConcatSystemStringSystemString', ID = '225'
Method 'SystemVoidSystemConsolecctor', ID = '226'
Method 'SystemStringSystemEnvironmentget_NewLine', ID = '228'
Method 'SystemVoidCosmosSystem_PlugsSystemConsoleImplWriteSystemString', ID = '229'
Method 'SystemStringCosmosSystem_PlugsSystemInt32ImplToString', ID = '231'
Method 'SystemStringCosmosSystem_PlugsSystemUInt32ImplToString', ID = '232'
Method 'SystemStringCosmosSystem_PlugsSystemDoubleImplToString', ID = '233'
Method 'SystemStringCosmosCore_PlugsSystemExceptionImplToString', ID = '234'
Method 'SystemUInt32CosmosCoreMemoryOldGlobalSystemInfoget_TotalDataLookupTableSize', ID = '246'
Method 'SystemBooleanCosmosCoreCPUDisableInterrupts', ID = '250'
Method 'SystemVoidCosmosCoreMemoryOldHeapEnsureIsInitialized', ID = '251'
Method 'CosmosCoreMemoryOldGlobalInformationTablepointerCosmosCoreMemoryOldGlobalSystemInfoget_GlobalInformationTable', ID = '252'
Method 'SystemBooleanCosmosCoreMemoryOldHeapScanDataLookupTableCosmosCoreMemoryOldDataLookupTablepointerSystemUInt32SystemUInt32', ID = '254'
Method 'CosmosCoreMemoryOldDataLookupEntrypointerCosmosCoreMemoryOldDataLookupTableGetEntrySystemUInt32', ID = '257'
Method 'SystemVoidCosmosCoreMemoryOldHeapClearMemorySystemVoidpointerSystemUInt32', ID = '259'
Method 'SystemStringSystemSRGetResourceStringSystemStringSystemString', ID = '264'
Method 'SystemDoubleSystemBitConverterInt64BitsToDoubleSystemInt64', ID = '267'
Method 'SystemStringSystemSRget_Arg_ArithmeticException', ID = '269'
Method 'SystemVoidCosmosCoreBootstrapcctor', ID = '271'
Method 'SystemVoidCosmosCoreINTsHandleInterrupt_DefaultCosmosCoreINTsIRQContext', ID = '274'
Method 'SystemVoidCosmosCoreINTsHandleInterrupt_00CosmosCoreINTsIRQContext', ID = '275'
Method 'SystemVoidCosmosCoreINTsHandleInterrupt_01CosmosCoreINTsIRQContext', ID = '276'
Method 'SystemVoidCosmosCoreINTsHandleInterrupt_02CosmosCoreINTsIRQContext', ID = '277'
Method 'SystemVoidCosmosCoreINTsHandleInterrupt_03CosmosCoreINTsIRQContext', ID = '278'
Method 'SystemVoidCosmosCoreINTsHandleInterrupt_04CosmosCoreINTsIRQContext', ID = '279'
Method 'SystemVoidCosmosCoreINTsHandleInterrupt_05CosmosCoreINTsIRQContext', ID = '280'
Method 'SystemVoidCosmosCoreINTsHandleInterrupt_06CosmosCoreINTsIRQContext', ID = '281'
Method 'SystemVoidCosmosCoreINTsHandleInterrupt_07CosmosCoreINTsIRQContext', ID = '282'
Method 'SystemVoidCosmosCoreINTsHandleInterrupt_08CosmosCoreINTsIRQContext', ID = '283'
Method 'SystemVoidCosmosCoreINTsHandleInterrupt_09CosmosCoreINTsIRQContext', ID = '284'
Method 'SystemVoidCosmosCoreINTsHandleInterrupt_0ACosmosCoreINTsIRQContext', ID = '285'
Method 'SystemVoidCosmosCoreINTsHandleInterrupt_0BCosmosCoreINTsIRQContext', ID = '286'
Method 'SystemVoidCosmosCoreINTsHandleInterrupt_0CCosmosCoreINTsIRQContext', ID = '287'
Method 'SystemVoidCosmosCoreINTsHandleInterrupt_0DCosmosCoreINTsIRQContext', ID = '288'
Method 'SystemVoidCosmosCoreINTsHandleInterrupt_0ECosmosCoreINTsIRQContext', ID = '289'
Method 'SystemVoidCosmosCoreINTsHandleInterrupt_0FCosmosCoreINTsIRQContext', ID = '290'
Method 'SystemVoidCosmosCoreINTsHandleInterrupt_10CosmosCoreINTsIRQContext', ID = '291'
Method 'SystemVoidCosmosCoreINTsHandleInterrupt_11CosmosCoreINTsIRQContext', ID = '292'
Method 'SystemVoidCosmosCoreINTsHandleInterrupt_12CosmosCoreINTsIRQContext', ID = '293'
Method 'SystemVoidCosmosCoreINTsHandleInterrupt_13CosmosCoreINTsIRQContext', ID = '294'
Method 'SystemVoidCosmosCoreINTsHandleInterrupt_20CosmosCoreINTsIRQContext', ID = '295'
Method 'SystemVoidCosmosCoreINTsHandleInterrupt_21CosmosCoreINTsIRQContext', ID = '296'
Method 'SystemVoidCosmosCoreINTsHandleInterrupt_22CosmosCoreINTsIRQContext', ID = '297'
Method 'SystemVoidCosmosCoreINTsHandleInterrupt_23CosmosCoreINTsIRQContext', ID = '298'
Method 'SystemVoidCosmosCoreINTsHandleInterrupt_24CosmosCoreINTsIRQContext', ID = '299'
Method 'SystemVoidCosmosCoreINTsHandleInterrupt_25CosmosCoreINTsIRQContext', ID = '300'
Method 'SystemVoidCosmosCoreINTsHandleInterrupt_26CosmosCoreINTsIRQContext', ID = '301'
Method 'SystemVoidCosmosCoreINTsHandleInterrupt_27CosmosCoreINTsIRQContext', ID = '302'
Method 'SystemVoidCosmosCoreINTsHandleInterrupt_28CosmosCoreINTsIRQContext', ID = '303'
Method 'SystemVoidCosmosCoreINTsHandleInterrupt_29CosmosCoreINTsIRQContext', ID = '304'
Method 'SystemVoidCosmosCoreINTsHandleInterrupt_2ACosmosCoreINTsIRQContext', ID = '305'
Method 'SystemVoidCosmosCoreINTsHandleInterrupt_2BCosmosCoreINTsIRQContext', ID = '306'
Method 'SystemVoidCosmosCoreINTsHandleInterrupt_2CCosmosCoreINTsIRQContext', ID = '307'
Method 'SystemVoidCosmosCoreINTsHandleInterrupt_2DCosmosCoreINTsIRQContext', ID = '308'
Method 'SystemVoidCosmosCoreINTsHandleInterrupt_2ECosmosCoreINTsIRQContext', ID = '309'
Method 'SystemVoidCosmosCoreINTsHandleInterrupt_2FCosmosCoreINTsIRQContext', ID = '310'
Method 'SystemVoidCosmosCoreINTsHandleInterrupt_30CosmosCoreINTsIRQContext', ID = '311'
Method 'SystemVoidCosmosCoreINTsHandleInterrupt_35CosmosCoreINTsIRQContext', ID = '312'
Method 'SystemVoidCosmosCoreINTsHandleInterrupt_40CosmosCoreINTsIRQContext', ID = '313'
Method 'SystemVoidCosmosCoreINTsHandleInterrupt_41CosmosCoreINTsIRQContext', ID = '314'
Method 'SystemVoidCosmosCoreINTsHandleInterrupt_42CosmosCoreINTsIRQContext', ID = '315'
Method 'SystemVoidCosmosCoreINTsHandleInterrupt_43CosmosCoreINTsIRQContext', ID = '316'
Method 'SystemVoidCosmosCoreINTsHandleInterrupt_44CosmosCoreINTsIRQContext', ID = '317'
Method 'SystemVoidCosmosCoreINTsHandleInterrupt_45CosmosCoreINTsIRQContext', ID = '318'
Method 'SystemVoidCosmosCoreINTsHandleInterrupt_46CosmosCoreINTsIRQContext', ID = '319'
Method 'SystemVoidCosmosCoreINTsHandleInterrupt_47CosmosCoreINTsIRQContext', ID = '320'
Method 'SystemVoidCosmosCoreINTsHandleInterrupt_48CosmosCoreINTsIRQContext', ID = '321'
Method 'SystemVoidCosmosCoreINTsHandleInterrupt_49CosmosCoreINTsIRQContext', ID = '322'
Method 'SystemVoidCosmosCoreIOGroupPICctorSystemBoolean', ID = '324'
Method 'SystemVoidCosmosCorePICRemapSystemByteSystemByteSystemByteSystemByte', ID = '325'
Method 'SystemVoidCosmosCore_AsmCPUImplUpdateIDTSystemBoolean', ID = '326'
Method 'SystemVoidCosmosCore_AsmCPUImplInitSSE', ID = '327'
Method 'SystemVoidCosmosCore_AsmCPUImplInitFloat', ID = '328'
Method 'SystemUInt32CosmosCore_AsmMultibootImplGetMBIAddress', ID = '330'
Method 'SystemVoidCosmosCoreIOGroupTextScreenctor', ID = '332'
Method 'SystemVoidCosmosHALTextScreenBasector', ID = '333'
Method 'SystemVoidCosmosSystem_PlugsSystemConsoleImplClear', ID = '342'
Method 'SystemVoidSystemCollectionsGenericList1anonymousTypeCosmosHALPCIDevicector', ID = '344'
Method 'SystemUInt16CosmosHALPCIDeviceGetHeaderTypeSystemUInt16SystemUInt16SystemUInt16', ID = '346'
Method 'SystemVoidCosmosHALPCICheckBusSystemUInt16', ID = '347'
Method 'SystemUInt16CosmosHALPCIDeviceGetVendorIDSystemUInt16SystemUInt16SystemUInt16', ID = '348'
Method 'SystemBooleanCosmosCoreACPIInit', ID = '350'
Method 'SystemVoidCosmosCoreACPIEnable', ID = '351'
Method 'SystemVoidCosmosHALPS2ControllerSendCommandCosmosHALPS2ControllerCommandSystemNullable1anonymousTypeSystemByte', ID = '354'
Method 'SystemByteCosmosHALPS2ControllerReadData', ID = '355'
Method 'SystemBooleanCosmosHALPS2ControllerWaitToReadData', ID = '356'
Method 'SystemVoidSystemNullable1anonymousTypeSystemBytectorSystemByte', ID = '357'
Method 'SystemBooleanCosmosHALPS2ControllerTestPortSystemByte', ID = '358'
Method 'SystemVoidCosmosHALPS2ControllerIdentifyDeviceSystemByteCosmosHALDevice', ID = '359'
Method 'SystemVoidCosmosHALBlockDeviceIDEInitializeCosmosHALBlockDeviceAtaControllerIdEnumCosmosHALBlockDeviceAtaBusPositionEnum', ID = '362'
Method 'SystemVoidCosmosHALBlockDeviceAHCIctorCosmosHALPCIDevice', ID = '365'
Method 'SystemVoidCosmosHALPITctor', ID = '370'
Method 'SystemVoidCosmosHALPS2Controllerctor', ID = '372'
Method 'SystemVoidCosmosCore_AsmCPUImplDoEnableInterrupts', ID = '373'
Method 'SystemStringCosmosSystem_PlugsSystemConsoleImplReadLine', ID = '374'
Method 'SystemBooleanSystemStringEqualsSystemStringSystemString', ID = '375'
Method 'SystemVoidCosmosHALPowerACPIShutdown', ID = '377'
Method 'SystemDateTimeCosmosSystem_PlugsSystemDateTimeImplget_Now', ID = '379'
Method 'SystemStringCosmosSystem_PlugsSystemDateTimeImplToLongTimeString', ID = '380'
Method 'SystemStringCosmosSystem_PlugsSystemDateTimeImplToLongDateString', ID = '381'
Method 'SystemInt32CosmosSystem_PlugsSystemInt32ImplParseSystemString', ID = '382'
Method 'SystemBooleanSystemStringIsNullOrEmptySystemString', ID = '383'
Method 'SystemVoidSystemStringFillStringCheckedSystemStringSystemInt32SystemString', ID = '386'
Method 'SystemVoidCosmosSystem_PlugsSystemConsoleImplcctor', ID = '390'
Method 'CosmosSystemConsoleCosmosSystem_PlugsSystemConsoleImplGetConsole', ID = '392'
Method 'SystemBytearraySystemTextEncodingGetBytesSystemString', ID = '394'
Method 'SystemVoidCosmosSystemConsoleWriteSystemBytearray', ID = '395'
Method 'SystemTypeCosmosCore_PlugsSystemObjectImplGetType', ID = '397'
Method 'SystemStringCosmosCommonStringHelperGetNumberStringSystemInt32', ID = '400'
Method 'SystemStringCosmosCommonStringHelperGetNumberStringSystemUInt32', ID = '403'
Method 'SystemStringCosmosCommonStringHelperGetNumberStringSystemDouble', ID = '406'
Method 'SystemVoidCosmosCore_PlugsSystemObjectImplcctor', ID = '408'
Method 'SystemVoidCosmosDebugKernelPlugsAsmDebuggerAsmDoSendNumberSystemUInt32', ID = '409'
Method 'SystemUInt32CosmosCore_AsmCPUImplGetEndOfKernel', ID = '410'
Method 'SystemVoidCosmosCore_AsmCPUImplZeroFillSystemUInt32SystemUInt32', ID = '411'
Method 'SystemVoidCosmosCoreMemoryOldHeapcctor', ID = '412'
Method 'SystemVoidCosmosCoreMemoryOldHeapDoInitializeSystemUInt32', ID = '416'
Method 'SystemVoidSystemSRcctor', ID = '421'
Method 'SystemStringCosmosSystem_PlugsSystemIntPtrImplToString', ID = '424'
Method 'SystemVoidCosmosCoreCPUctor', ID = '427'
Method 'SystemVoidCosmosCoreINTscctor', ID = '428'
Method 'CosmosCorePICCosmosCoreGlobalget_PIC', ID = '430'
Method 'SystemVoidCosmosCorePICEoiSlave', ID = '431'
Method 'SystemVoidCosmosCorePICEoiMaster', ID = '432'
Method 'SystemVoidCosmosCoreINTsHandleExceptionSystemUInt32SystemStringSystemStringCosmosCoreINTsIRQContextSystemUInt32', ID = '433'
Method 'SystemVoidCosmosCore_AsmDelegateImplInvoke', ID = '669'
Method 'SystemVoidCosmosCoreINTsIRQSystemUInt32CosmosCoreINTsIRQContext', ID = '437'
Method 'SystemVoidCosmosCoreIOPortctorSystemUInt16', ID = '440'
Method 'SystemVoidCosmosCoreIOGroupIOGroupctor', ID = '441'
Method 'SystemByteCosmosCoreIOPortget_Byte', ID = '443'
Method 'SystemVoidCosmosCoreIOPortset_ByteSystemByte', ID = '444'
Method 'SystemVoidCosmosCoreIOPortWait', ID = '445'
Method 'SystemVoidCosmosCoreMemoryBlockctorSystemUInt32SystemUInt32', ID = '448'
Method 'SystemVoidCosmosHALDevicector', ID = '449'
Method 'SystemVoidCosmosHALTextScreenSetColorsSystemConsoleColorSystemConsoleColor', ID = '452'
Method 'SystemUInt16CosmosHALTextScreenget_Cols', ID = '454'
Method 'SystemUInt16CosmosHALTextScreenget_Rows', ID = '455'
Method 'SystemVoidCosmosHALTextScreenSetCursorSizeSystemInt32', ID = '456'
Method 'SystemVoidCosmosHALTextScreenSetCursorVisibleSystemBoolean', ID = '457'
Method 'SystemVoidCosmosCoreGlobalcctor', ID = '458'
Method 'SystemVoidCosmosSystemConsoleClear', ID = '459'
Method 'SystemUInt32CosmosHALPCIDeviceGetAddressBaseSystemUInt32SystemUInt32SystemUInt32', ID = '463'
Method 'SystemVoidCosmosCoreIOPortset_DWordSystemUInt32', ID = '466'
Method 'SystemUInt32CosmosCoreIOPortget_DWord', ID = '467'
Method 'SystemVoidCosmosHALPCIDevicectorSystemUInt32SystemUInt32SystemUInt32', ID = '468'
Method 'SystemVoidCosmosHALPCICheckFunctionCosmosHALPCIDevice', ID = '469'
Method 'SystemVoidCosmosCoreACPIcctor', ID = '470'
Method 'SystemUInt32CosmosCoreACPIRSDPAddress', ID = '471'
Method 'SystemInt32CosmosCoreACPIacpiCheckHeaderSystemBytepointerSystemString', ID = '472'
Method 'SystemInt32pointerCosmosCoreACPIfacpgetSystemInt32', ID = '474'
Method 'SystemInt32CosmosCoreACPICompareSystemStringSystemBytepointer', ID = '475'
Method 'SystemByteCosmosCoreACPIfacpbgetSystemInt32', ID = '479'
Method 'SystemStringSystemNullable1anonymousTypeSystemByteToString', ID = '490'
Method 'SystemBooleanCosmosHALPS2ControllerWaitToWrite', ID = '492'
Method 'SystemVoidCosmosCoreIOPortWriteset_ByteSystemByte', ID = '494'
Method 'SystemBooleanSystemNullable1anonymousTypeSystemByteget_HasValue', ID = '495'
Method 'SystemByteSystemNullable1anonymousTypeSystemByteget_Value', ID = '496'
Method 'SystemByteCosmosCoreIOPortReadget_Byte', ID = '497'
Method 'SystemStringCosmosCommonExtensionsToHexStringToHexSystemByte', ID = '499'
Method 'SystemStringSystemStringConcatSystemStringSystemStringSystemStringSystemString', ID = '500'
Method 'SystemStringSystemStringConcatSystemStringarray', ID = '501'
Method 'SystemStringSystemStringConcatSystemStringSystemStringSystemString', ID = '502'
Method 'SystemVoidCosmosHALPS2ControllerSendDeviceCommandCosmosHALPS2ControllerDeviceCommandSystemBooleanSystemNullable1anonymousTypeSystemByte', ID = '504'
Method 'SystemBooleanCosmosHALPS2ControllerReadByteAfterAckWithTimeoutSystemByte', ID = '505'
Method 'SystemVoidCosmosHALPS2MousectorSystemByteSystemByte', ID = '506'
Method 'SystemBooleanCosmosHALPS2ControllerReadDataWithTimeoutSystemByte', ID = '508'
Method 'SystemVoidCosmosHALPS2KeyboardctorSystemByte', ID = '509'
Method 'SystemVoidCosmosHALBlockDeviceIDEcctor', ID = '511'
Method 'SystemVoidCosmosHALBlockDeviceAtaPioctorCosmosCoreIOGroupATACosmosHALBlockDeviceAtaControllerIdEnumCosmosHALBlockDeviceAtaBusPositionEnum', ID = '516'
Method 'CosmosHALBlockDeviceAtaPioSpecLevelCosmosHALBlockDeviceAtaPioget_DriveType', ID = '517'
Method 'SystemVoidSystemCollectionsGenericList1anonymousTypeCosmosHALBlockDeviceBlockDeviceAddCosmosHALBlockDeviceBlockDevice', ID = '520'
Method 'SystemBooleanCosmosHALBlockDeviceGPTIsGPTPartitionCosmosHALBlockDeviceBlockDevice', ID = '523'
Method 'SystemVoidCosmosHALBlockDeviceGPTctorCosmosHALBlockDeviceBlockDevice', ID = '524'
Method 'SystemInt32SystemCollectionsGenericList1anonymousTypeCosmosHALBlockDeviceGPTGPartInfoget_Count', ID = '526'
Method 'SystemVoidCosmosDebugKernelDebuggerSendNumberSystemInt32', ID = '527'
Method 'CosmosHALBlockDeviceGPTGPartInfoSystemCollectionsGenericList1anonymousTypeCosmosHALBlockDeviceGPTGPartInfoget_ItemSystemInt32', ID = '528'
Method 'SystemVoidCosmosHALBlockDevicePartitionctorCosmosHALBlockDeviceBlockDeviceSystemUInt64SystemUInt64', ID = '530'
Method 'SystemVoidCosmosHALBlockDeviceMBRctorSystemBytearray', ID = '532'
Method 'SystemVoidCosmosHALBlockDeviceEBRctorSystemBytearray', ID = '534'
Method 'SystemInt32SystemCollectionsGenericList1anonymousTypeCosmosHALBlockDeviceEBRPartInfoget_Count', ID = '536'
Method 'SystemInt32SystemCollectionsGenericList1anonymousTypeCosmosHALBlockDeviceMBRPartInfoget_Count', ID = '537'
Method 'CosmosHALBlockDeviceMBRPartInfoSystemCollectionsGenericList1anonymousTypeCosmosHALBlockDeviceMBRPartInfoget_ItemSystemInt32', ID = '538'
Method 'SystemVoidCosmosHALBlockDeviceAHCIcctor', ID = '540'
Method 'SystemVoidCosmosHALPCIDeviceEnableBusMasterSystemBoolean', ID = '541'
Method 'SystemVoidCosmosHALPCIDeviceEnableMemorySystemBoolean', ID = '542'
Method 'SystemUInt32CosmosHALPCIBaseAddressBarget_BaseAddress', ID = '543'
Method 'SystemVoidCosmosHALBlockDeviceRegistersGenericRegistersctorSystemUInt32', ID = '545'
Method 'SystemUInt32CosmosHALBlockDeviceRegistersGenericRegistersget_GlobalHostControl', ID = '547'
Method 'SystemVoidCosmosHALBlockDeviceRegistersGenericRegistersset_GlobalHostControlSystemUInt32', ID = '548'
Method 'SystemVoidCosmosHALBlockDeviceAHCIGetCapabilities', ID = '549'
Method 'SystemVoidSystemCollectionsGenericList1anonymousTypeCosmosHALBlockDevicePortsStoragePortset_CapacitySystemInt32', ID = '552'
Method 'SystemVoidCosmosHALBlockDeviceAHCIGetPorts', ID = '553'
Method 'SystemCollectionsGenericList1EnumeratoranonymousTypeCosmosHALBlockDevicePortsStoragePortSystemCollectionsGenericList1anonymousTypeCosmosHALBlockDevicePortsStoragePortGetEnumerator', ID = '554'
Method 'CosmosHALBlockDevicePortsStoragePortSystemCollectionsGenericList1EnumeratoranonymousTypeCosmosHALBlockDevicePortsStoragePortget_Current', ID = '555'
Method 'SystemBooleanSystemCollectionsGenericList1EnumeratoranonymousTypeCosmosHALBlockDevicePortsStoragePortMoveNext', ID = '562'
Method 'SystemVoidCosmosSystemKeyboardManagercctor', ID = '565'
Method 'SystemVoidSystemCollectionsGenericList1anonymousTypeCosmosHALPITPITTimerctor', ID = '567'
Method 'SystemVoidCosmosHALPITHandleIRQCosmosCoreINTsIRQContext', ID = '568'
Method 'SystemVoidCosmosCore_AsmDelegateImplCtorSystemObjectSystemIntPtr', ID = '829'
Method 'SystemVoidCosmosCoreINTsSetIrqHandlerSystemByteCosmosCoreINTsIRQDelegate', ID = '570'
Method 'SystemVoidCosmosHALPITset_T0CountdownSystemUInt16', ID = '571'
Method 'SystemVoidSystemCollectionsGenericList1anonymousTypeSystemCharctorSystemInt32', ID = '572'
Method 'CosmosSystemConsoleKeyExCosmosSystemKeyEventget_Key', ID = '573'
Method 'SystemInt32CosmosSystemConsoleget_X', ID = '574'
Method 'SystemVoidSystemCollectionsGenericList1anonymousTypeSystemCharRemoveAtSystemInt32', ID = '575'
Method 'SystemVoidCosmosSystemConsoleset_XSystemInt32', ID = '576'
Method 'SystemCharSystemCollectionsGenericList1anonymousTypeSystemCharget_ItemSystemInt32', ID = '577'
Method 'SystemVoidCosmosSystem_PlugsSystemConsoleImplWriteSystemChar', ID = '578'
Method 'SystemInt32SystemCollectionsGenericList1anonymousTypeSystemCharget_Count', ID = '579'
Method 'SystemCharCosmosSystemKeyEventget_KeyChar', ID = '580'
Method 'SystemVoidSystemCollectionsGenericList1anonymousTypeSystemCharAddSystemChar', ID = '581'
Method 'SystemVoidSystemCollectionsGenericList1anonymousTypeSystemCharctor', ID = '582'
Method 'CosmosSystemKeyEventCosmosSystemKeyboardManagerReadKey', ID = '583'
Method 'SystemVoidCosmosSystem_PlugsSystemConsoleImplWriteLine', ID = '584'
Method 'SystemChararraySystemCollectionsGenericList1anonymousTypeSystemCharToArray', ID = '585'
Method 'SystemVoidCosmosCoreACPIShutdown', ID = '589'
Method 'SystemVoidSystemDateTimecctor', ID = '590'
Method 'SystemByteCosmosHALRTCget_Century', ID = '595'
Method 'SystemByteCosmosHALRTCget_Year', ID = '596'
Method 'SystemByteCosmosHALRTCget_Month', ID = '597'
Method 'SystemByteCosmosHALRTCget_DayOfTheMonth', ID = '598'
Method 'SystemByteCosmosHALRTCget_Hour', ID = '599'
Method 'SystemByteCosmosHALRTCget_Minute', ID = '600'
Method 'SystemByteCosmosHALRTCget_Second', ID = '601'
Method 'SystemVoidSystemDateTimectorSystemInt32SystemInt32SystemInt32SystemInt32SystemInt32SystemInt32', ID = '602'
Method 'SystemInt32SystemDateTimeget_Hour', ID = '604'
Method 'SystemStringSystemStringPadLeftSystemInt32SystemChar', ID = '605'
Method 'SystemInt32SystemDateTimeget_Minute', ID = '606'
Method 'SystemInt32SystemDateTimeget_Second', ID = '607'
Method 'SystemDayOfWeekSystemDateTimeget_DayOfWeek', ID = '609'
Method 'SystemInt32SystemDateTimeget_Day', ID = '610'
Method 'SystemInt32SystemDateTimeget_Month', ID = '612'
Method 'SystemInt32SystemDateTimeget_Year', ID = '613'
Method 'SystemInt32SystemStringIndexOfSystemChar', ID = '615'
Method 'SystemVoidSystemFormatExceptionctor', ID = '616'
Method 'SystemInt32CosmosCore_PlugsSystemStringImplget_LengthSystemInt32', ID = '617'
Method 'SystemStringCosmosCore_PlugsSystemStringImplFastAllocateStringSystemInt32', ID = '618'
Method 'SystemVoidSystemStringwstrcpySystemCharpointerSystemCharpointerSystemInt32', ID = '619'
Method 'SystemTextEncodingSystemTextEncodingget_ASCII', ID = '622'
Method 'SystemStringSystemSRget_ArgumentNull_String', ID = '628'
Method 'SystemVoidSystemArgumentNullExceptionctorSystemStringSystemString', ID = '629'
Method 'SystemInt32SystemTextEncodingGetByteCountSystemString', ID = '630'
Method 'SystemInt32SystemTextEncodingGetBytesSystemStringSystemInt32SystemInt32SystemBytearraySystemInt32', ID = '631'
Method 'SystemVoidCosmosSystemConsoleDoLineFeed', ID = '632'
Method 'SystemVoidCosmosSystemConsoleDoCarriageReturn', ID = '633'
Method 'SystemVoidCosmosSystemConsoleDoTab', ID = '634'
Method 'SystemVoidCosmosSystemConsoleWriteSystemByte', ID = '635'
Method 'SystemStringSystemTypeToString', ID = '638'
Method 'SystemVoidCosmosCoreCosmosRuntimeTypectorSystemUInt32', ID = '642'
Method 'SystemInt64SystemBitConverterDoubleToInt64BitsSystemDouble', ID = '644'
Method 'SystemStringSystemCharToString', ID = '646'
Method 'SystemStringSystemStringSubstringSystemInt32SystemInt32', ID = '648'
Method 'SystemStringSystemArgumentOutOfRangeExceptionget_Message', ID = '649'
Method 'SystemStringSystemArgumentExceptionget_Message', ID = '650'
Method 'SystemStringCosmosCore_PlugsSystemExceptionImplget_Message', ID = '651'
Method 'SystemVoidCosmosCore_AsmCPUImplDoDisableInterrupts', ID = '652'
Method 'SystemUInt32CosmosCore_AsmCPUImplGetAmountOfRAM', ID = '653'
Method 'SystemStringCosmosCore_PlugsSystemSRImplInternalGetResourceStringSystemString', ID = '657'
Method 'SystemBooleanCosmosCore_PlugsSystemStringImplEqualsSystemStringSystemStringComparison', ID = '659'
Method 'SystemVoidSystemBitConvertercctor', ID = '664'
Method 'SystemVoidCosmosCoreINTsPutErrorCharSystemInt32SystemInt32SystemChar', ID = '667'
Method 'SystemVoidCosmosCoreINTsPutErrorStringSystemInt32SystemInt32SystemString', ID = '668'
Method 'SystemVoidCosmosCoreIOPortBasectorSystemUInt16', ID = '671'
Method 'SystemVoidCosmosCoreMemoryBlock08ctorSystemUInt32SystemUInt32', ID = '677'
Method 'SystemVoidCosmosCoreMemoryBlock16ctorSystemUInt32SystemUInt32', ID = '678'
Method 'SystemVoidCosmosCoreMemoryBlock32ctorSystemUInt32SystemUInt32', ID = '679'
Method 'SystemVoidCosmosCoreBaseIOGroupsctor', ID = '686'
Method 'SystemVoidCosmosSystemConsoleUpdateCursor', ID = '688'
Method 'SystemVoidSystemCollectionsGenericList1anonymousTypeCosmosHALPCIDevicecctor', ID = '689'
Method 'SystemVoidCosmosHALPCIDevicecctor', ID = '695'
Method 'SystemUInt16CosmosHALPCIDeviceReadRegister16SystemByte', ID = '698'
Method 'SystemByteCosmosHALPCIDeviceReadRegister8SystemByte', ID = '699'
Method 'SystemVoidCosmosHALPCIDeviceset_InterruptLineSystemByte', ID = '700'
Method 'SystemUInt32CosmosHALPCIDeviceReadRegister32SystemByte', ID = '702'
Method 'SystemVoidCosmosHALPCIBaseAddressBarctorSystemUInt32', ID = '703'
Method 'SystemVoidSystemCollectionsGenericList1anonymousTypeCosmosHALPCIDeviceAddCosmosHALPCIDevice', ID = '704'
Method 'SystemBooleanCosmosCoreACPICheck_RSDSystemUInt32', ID = '706'
Method 'SystemVoidSystemThrowHelperThrowInvalidOperationExceptionSystemExceptionResource', ID = '710'
Method 'SystemStringCosmosSystem_PlugsSystemByteImplToString', ID = '712'
Method 'SystemStringCosmosCommonExtensionsToHexStringConvertToHexSystemUInt32SystemInt32', ID = '714'
Method 'SystemVoidSystemArgumentNullExceptionctorSystemString', ID = '716'
Method 'SystemObjectSystemArrayClone', ID = '718'
Method 'SystemBooleanCosmosHALPS2ControllerWaitForAck', ID = '720'
Method 'SystemVoidCosmosHALMouseBasector', ID = '723'
Method 'SystemVoidCosmosHALPS2MouseInitialize', ID = '725'
Method 'SystemVoidCosmosHALKeyboardBasector', ID = '727'
Method 'SystemVoidCosmosHALPS2KeyboardInitialize', ID = '729'
Method 'CosmosHALPCIDeviceCosmosHALPCIGetDeviceClassCosmosHALClassIDCosmosHALSubclassID', ID = '730'
Method 'SystemVoidCosmosCoreBaseIOGroupscctor', ID = '731'
Method 'SystemVoidCosmosHALBlockDeviceAtactor', ID = '734'
Method 'CosmosHALBlockDeviceAtaPioSpecLevelCosmosHALBlockDeviceAtaPioDiscoverDrive', ID = '735'
Method 'SystemVoidCosmosHALBlockDeviceAtaPioInitDrive', ID = '736'
Method 'SystemVoidCosmosHALBlockDeviceBlockDevicecctor', ID = '738'
Method 'SystemVoidSystemCollectionsGenericList1anonymousTypeCosmosHALBlockDeviceBlockDeviceAddWithResizeCosmosHALBlockDeviceBlockDevice', ID = '740'
Method 'SystemVoidCosmosHALBlockDeviceAtacctor', ID = '741'
Method 'SystemStringCosmosHALBlockDeviceAtaToString', ID = '742'
Method 'SystemUInt64SystemBitConverterToUInt64SystemBytearraySystemInt32', ID = '743'
Method 'SystemVoidSystemCollectionsGenericList1anonymousTypeCosmosHALBlockDeviceGPTGPartInfoctor', ID = '744'
Method 'SystemUInt32SystemBitConverterToUInt32SystemBytearraySystemInt32', ID = '745'
Method 'SystemVoidCosmosHALBlockDeviceGPTParseParitionSystemBytearraySystemUInt32', ID = '746'
Method 'SystemVoidSystemThrowHelperThrowArgumentOutOfRange_IndexException', ID = '749'
Method 'SystemVoidCosmosHALBlockDeviceBlockDevicector', ID = '752'
Method 'SystemUInt64CosmosHALBlockDeviceBlockDeviceget_BlockSize', ID = '753'
Method 'SystemVoidCosmosHALBlockDeviceAtaPioReadBlockSystemUInt64SystemUInt64SystemBytearray', ID = '755'
Method 'SystemVoidCosmosHALBlockDevicePartitionReadBlockSystemUInt64SystemUInt64SystemBytearray', ID = '756'
Method 'SystemVoidSystemCollectionsGenericList1anonymousTypeCosmosHALBlockDeviceMBRPartInfoctor', ID = '757'
Method 'SystemVoidCosmosHALBlockDeviceMBRParsePartitionSystemBytearraySystemUInt32', ID = '758'
Method 'SystemVoidSystemCollectionsGenericList1anonymousTypeCosmosHALBlockDeviceEBRPartInfoctor', ID = '759'
Method 'SystemVoidCosmosHALBlockDeviceEBRParsePartitionSystemBytearraySystemUInt32', ID = '760'
Method 'CosmosHALPCIDeviceCosmosHALPCIGetDeviceClassCosmosHALClassIDCosmosHALSubclassIDCosmosHALProgramIF', ID = '763'
Method 'SystemVoidSystemCollectionsGenericList1anonymousTypeCosmosHALBlockDevicePortsStoragePortctor', ID = '764'
Method 'SystemVoidCosmosHALPCIDeviceWriteRegister16SystemByteSystemUInt16', ID = '765'
Method 'SystemUInt32CosmosCoreMemoryBlockget_ItemSystemUInt32', ID = '767'
Method 'SystemVoidCosmosCoreMemoryBlockset_ItemSystemUInt32SystemUInt32', ID = '768'
Method 'SystemUInt32CosmosHALBlockDeviceRegistersGenericRegistersget_Capabilities', ID = '769'
Method 'SystemVoidSystemThrowHelperThrowArgumentOutOfRangeExceptionSystemExceptionArgumentSystemExceptionResource', ID = '790'
Method 'SystemVoidSystemArrayCopySystemArraySystemInt32SystemArraySystemInt32SystemInt32', ID = '792'
Method 'SystemUInt32CosmosHALBlockDeviceRegistersGenericRegistersget_ImplementedPorts', ID = '794'
Method 'SystemVoidCosmosHALBlockDeviceRegistersPortRegistersctorSystemUInt32SystemUInt32', ID = '795'
Method 'CosmosHALBlockDeviceRegistersPortTypeCosmosHALBlockDeviceAHCICheckPortTypeCosmosHALBlockDeviceRegistersPortRegisters', ID = '796'
Method 'SystemVoidCosmosHALBlockDeviceAHCIPortRebaseCosmosHALBlockDeviceRegistersPortRegistersSystemUInt32', ID = '798'
Method 'SystemVoidCosmosHALBlockDevicePortsSATActorCosmosHALBlockDeviceRegistersPortRegisters', ID = '799'
Method 'SystemVoidSystemCollectionsGenericList1anonymousTypeCosmosHALBlockDevicePortsStoragePortAddCosmosHALBlockDevicePortsStoragePort', ID = '800'
Method 'SystemVoidSystemCollectionsGenericList1EnumeratoranonymousTypeCosmosHALBlockDevicePortsStoragePortctorSystemCollectionsGenericList1anonymousTypeCosmosHALBlockDevicePortsStoragePort', ID = '801'
Method 'SystemStringCosmosCore_PlugsSystemStringImplFormatSystemStringSystemObjectSystemObject', ID = '803'
Method 'SystemStringCosmosCore_PlugsSystemStringImplFormatSystemStringSystemObject', ID = '804'
Method 'SystemBooleanSystemCollectionsGenericList1EnumeratoranonymousTypeCosmosHALBlockDevicePortsStoragePortMoveNextRare', ID = '805'
Method 'SystemVoidSystemCollectionsGenericList1EnumeratoranonymousTypeCosmosHALBlockDevicePortsStoragePortDispose', ID = '809'
Method 'SystemVoidSystemCollectionsGenericList1anonymousTypeCosmosHALKeyboardBasector', ID = '810'
Method 'SystemVoidCosmosSystemScanMapsUS_Standardctor', ID = '812'
Method 'SystemVoidSystemCollectionsGenericQueue1anonymousTypeCosmosSystemKeyEventctor', ID = '814'
Method 'SystemCollectionsGenericIEnumerable1anonymousTypeCosmosHALKeyboardBaseCosmosHALGlobalGetKeyboardDevices', ID = '816'
Method 'SystemVoidCosmosSystemKeyboardManagerAddKeyboardCosmosHALKeyboardBase', ID = '819'
Method 'SystemUInt32CosmosHALPITget_T0DelyNS', ID = '823'
Method 'SystemInt32SystemCollectionsGenericList1anonymousTypeCosmosHALPITPITTimerget_Count', ID = '824'
Method 'CosmosHALPITPITTimerSystemCollectionsGenericList1anonymousTypeCosmosHALPITPITTimerget_ItemSystemInt32', ID = '825'
Method 'SystemVoidSystemCollectionsGenericList1anonymousTypeCosmosHALPITPITTimerRemoveAtSystemInt32', ID = '827'
Method 'SystemVoidCosmosCore_AsmDelegateImplInvoke', ID = '669'
Method 'SystemVoidCosmosCoreINTsSetIntHandlerSystemByteCosmosCoreINTsIRQDelegate', ID = '830'
Method 'SystemVoidSystemCollectionsGenericList1anonymousTypeSystemCharAddWithResizeSystemChar', ID = '838'
Method 'SystemVoidCosmosHALKeyboardBaseWaitForKey', ID = '839'
Method 'SystemInt32SystemCollectionsGenericQueue1anonymousTypeCosmosSystemKeyEventget_Count', ID = '840'
Method 'CosmosSystemKeyEventSystemCollectionsGenericQueue1anonymousTypeCosmosSystemKeyEventDequeue', ID = '841'
Method 'SystemVoidCosmosCore_PlugsSystemStringImplCtorSystemChararraySystemStringSystemInt32SystemCharpointer', ID = '843'
Method 'SystemBooleanCosmosCore_PlugsSystemStringImplEqualsHelperSystemStringSystemString', ID = '844'
Method 'SystemVoidCosmosCoreIOPortset_WordSystemUInt16', ID = '845'
Method 'CosmosCoreCPUCosmosCoreGlobalget_CPU', ID = '846'
Method 'SystemVoidCosmosCore_AsmRuntimeHelpersImplInitializeArraySystemArraySystemRuntimeFieldHandle', ID = '850'
Method 'SystemVoidSystemDateTimectorSystemInt64SystemDateTimeKind', ID = '854'
Method 'SystemStringCosmosSystem_PlugsSystemDateTimeImplToString', ID = '857'
Method 'SystemVoidCosmosSystem_PlugsSystemDateTimeImplcctor', ID = '858'
Method 'SystemVoidCosmosHALRTCWaitForReady', ID = '860'
Method 'SystemByteCosmosHALRTCFromBCDSystemByte', ID = '864'
Method 'SystemInt64SystemDateTimeDateToTicksSystemInt32SystemInt32SystemInt32', ID = '866'
Method 'SystemInt64SystemDateTimeTimeToTicksSystemInt32SystemInt32SystemInt32', ID = '867'
Method 'SystemInt64SystemDateTimeget_InternalTicks', ID = '868'
Method 'SystemStringSystemSRget_ArgumentOutOfRange_NeedNonNegNum', ID = '869'
Method 'SystemVoidSystemArgumentOutOfRangeExceptionctorSystemStringSystemString', ID = '870'
Method 'SystemInt32SystemDateTimeGetDatePartSystemInt32', ID = '872'
Method 'SystemCharCosmosCore_PlugsSystemStringImplget_CharsSystemInt32SystemCharpointer', ID = '873'
Method 'SystemStringSystemSRget_Arg_FormatException', ID = '876'
Method 'SystemVoidSystemBufferMemcpySystemBytepointerSystemBytepointerSystemInt32', ID = '879'
Method 'SystemVoidCosmosCore_PlugsSystemEnvironmentImplCCtor', ID = '882'
Method 'SystemVoidSystemTextEncodingcctor', ID = '883'
Method 'SystemInt32SystemTextASCIIEncodingGetByteCountSystemString', ID = '890'
Method 'SystemInt32SystemTextASCIIEncodingGetBytesSystemStringSystemInt32SystemInt32SystemBytearraySystemInt32', ID = '892'
Method 'SystemVoidCosmosCore_PlugsSystemTypeImplCCtor', ID = '896'
Method 'SystemVoidCosmosCoreCosmosRuntimeTypector', ID = '899'
Method 'SystemVoidCosmosCommonStringHelpercctor', ID = '900'
Method 'SystemStringCosmosSystem_PlugsSystemUInt64ImplToString', ID = '901'
Method 'SystemStringSystemCharToStringSystemChar', ID = '902'
Method 'SystemChararrayCosmosCore_PlugsSystemStringImplToCharArray', ID = '903'
Method 'SystemStringSystemSRget_ArgumentOutOfRange_StartIndex', ID = '904'
Method 'SystemStringSystemSRget_ArgumentOutOfRange_StartIndexLargerThanLength', ID = '905'
Method 'SystemStringSystemSRget_ArgumentOutOfRange_NegativeLength', ID = '906'
Method 'SystemStringSystemSRget_ArgumentOutOfRange_IndexLength', ID = '907'
Method 'SystemStringSystemStringInternalSubStringSystemInt32SystemInt32', ID = '908'
Method 'SystemStringSystemSRget_ArgumentOutOfRange_ActualValue', ID = '909'
Method 'SystemStringSystemSRFormatSystemStringSystemObject', ID = '910'
Method 'SystemStringSystemSRget_Arg_ParamName_Name', ID = '911'
Method 'SystemStringSystemStringToLower', ID = '913'
Method 'SystemStringCosmosSystem_PlugsSystemInt64ImplToString', ID = '914'
Method 'SystemVoidSystemNotImplementedExceptionctor', ID = '917'
Method 'SystemByteCosmosCore_AsmIOPortImplRead8SystemUInt16', ID = '918'
Method 'SystemVoidCosmosCore_AsmIOPortImplWrite8SystemUInt16SystemByte', ID = '919'
Method 'SystemStringCosmosSystem_PlugsSystemEnumImplToString', ID = '923'
Method 'SystemStringCosmosSystem_PlugsSystemUInt16ImplToString', ID = '924'
Method 'SystemVoidCosmosCoreIOGroupPS2Controllerctor', ID = '925'
Method 'SystemVoidCosmosCoreIOGroupPITctor', ID = '926'
Method 'SystemVoidCosmosCoreIOGroupATActorSystemBoolean', ID = '927'
Method 'SystemVoidCosmosCoreIOGroupRTCctor', ID = '928'
Method 'SystemVoidCosmosCoreIOGroupVBEIOGroupctor', ID = '929'
Method 'SystemVoidCosmosHALTextScreenClear', ID = '930'
Method 'SystemVoidCosmosCoreIOGroupPCIctor', ID = '932'
Method 'SystemVoidCosmosCore_AsmIOPortImplWrite32SystemUInt16SystemUInt32', ID = '933'
Method 'SystemUInt32CosmosCore_AsmIOPortImplRead32SystemUInt16', ID = '934'
Method 'SystemVoidSystemCollectionsGenericList1anonymousTypeCosmosHALPCIDeviceAddWithResizeCosmosHALPCIDevice', ID = '935'
Method 'SystemInvalidOperationExceptionSystemThrowHelperGetInvalidOperationExceptionSystemExceptionResource', ID = '938'
Method 'SystemStringCosmosCommonExtensionsToHexStringConvertToHexSystemUInt32', ID = '940'
Method 'SystemStringSystemSRget_ArgumentNull_Generic', ID = '946'
Method 'SystemVoidCosmosCore_PlugsSystemOutOfMemoryExceptionImplCtor', ID = '948'
Method 'SystemVoidCosmosHALPS2Mousecctor', ID = '950'
Method 'SystemVoidCosmosHALPS2MouseSendCommandCosmosHALPS2MouseCommandSystemNullable1anonymousTypeSystemByte', ID = '951'
Method 'SystemBooleanCosmosHALPS2ControllerWaitForDeviceReset', ID = '952'
Method 'SystemByteCosmosHALPS2MouseTryToEnableScrollWheel', ID = '953'
Method 'SystemByteCosmosHALPS2MouseTryToEnableAdditionalButtons', ID = '954'
Method 'SystemVoidCosmosHALPS2MouseHandleMouseCosmosCoreINTsIRQContext', ID = '955'
Method 'SystemVoidCosmosHALPS2KeyboardSendCommandCosmosHALPS2KeyboardCommandSystemNullable1anonymousTypeSystemByte', ID = '956'
Method 'SystemVoidCosmosHALPS2KeyboardHandleIRQCosmosCoreINTsIRQContext', ID = '957'
Method 'SystemCollectionsGenericList1EnumeratoranonymousTypeCosmosHALPCIDeviceSystemCollectionsGenericList1anonymousTypeCosmosHALPCIDeviceGetEnumerator', ID = '961'
Method 'CosmosHALPCIDeviceSystemCollectionsGenericList1EnumeratoranonymousTypeCosmosHALPCIDeviceget_Current', ID = '962'
Method 'SystemBooleanSystemCollectionsGenericList1EnumeratoranonymousTypeCosmosHALPCIDeviceMoveNext', ID = '963'
Method 'SystemVoidCosmosCoreIOGroupPCSpeakerctor', ID = '965'
Method 'SystemVoidCosmosHALBlockDeviceAtaPiocctor', ID = '967'
Method 'SystemStringCosmosHALBlockDeviceAtaPioToString', ID = '968'
Method 'SystemVoidCosmosHALBlockDeviceAtaPioSelectDriveSystemByte', ID = '969'
Method 'CosmosHALBlockDeviceAtaPioStatusCosmosHALBlockDeviceAtaPioSendCmdCosmosHALBlockDeviceAtaPioCmdSystemBoolean', ID = '970'
Method 'CosmosHALBlockDeviceAtaPioStatusCosmosHALBlockDeviceAtaPioSendCmdCosmosHALBlockDeviceAtaPioCmd', ID = '971'
Method 'SystemVoidCosmosCoreIOPortBaseRead16SystemUInt16array', ID = '972'
Method 'SystemStringCosmosHALBlockDeviceAtaPioGetStringSystemUInt16arraySystemInt32SystemInt32', ID = '973'
Method 'SystemVoidSystemCollectionsGenericList1anonymousTypeCosmosHALBlockDeviceBlockDevicector', ID = '974'
Method 'SystemVoidSystemCollectionsGenericList1anonymousTypeCosmosHALBlockDeviceBlockDevicecctor', ID = '975'
Method 'SystemVoidSystemCollectionsGenericList1anonymousTypeCosmosHALBlockDeviceBlockDeviceEnsureCapacitySystemInt32', ID = '981'
Method 'SystemInt64SystemBitConverterReadInt64SystemBytearraySystemInt32', ID = '982'
Method 'SystemInt32SystemBitConverterReadInt32SystemBytearraySystemInt32', ID = '984'
Method 'SystemVoidSystemArrayCopySystemArraySystemInt64SystemArraySystemInt64SystemInt64', ID = '985'
Method 'SystemVoidSystemGuidctorSystemBytearray', ID = '986'
Method 'SystemBooleanSystemGuidop_InequalitySystemGuidSystemGuid', ID = '989'
Method 'SystemVoidCosmosHALBlockDeviceGPTGPartInfoctorSystemGuidSystemGuidSystemUInt64SystemUInt64', ID = '990'
Method 'SystemVoidSystemCollectionsGenericList1anonymousTypeCosmosHALBlockDeviceGPTGPartInfoAddCosmosHALBlockDeviceGPTGPartInfo', ID = '991'
Method 'SystemVoidSystemCollectionsGenericList1anonymousTypeCosmosHALBlockDeviceGPTGPartInfocctor', ID = '992'
Method 'SystemVoidCosmosDebugKernelPlugsAsmDebuggerAsmDoSendNumberSystemInt32', ID = '998'
Method 'SystemArgumentOutOfRangeExceptionSystemThrowHelperGetArgumentOutOfRangeExceptionSystemExceptionArgumentSystemExceptionResource', ID = '999'
Method 'SystemStringCosmosHALBlockDevicePartitionToString', ID = '1002'
Method 'SystemVoidCosmosHALBlockDeviceBlockDeviceCheckDataSizeSystemBytearraySystemUInt64', ID = '1003'
Method 'SystemVoidCosmosHALBlockDeviceAtaPioSelectSectorSystemUInt64SystemUInt64', ID = '1004'
Method 'SystemVoidCosmosCoreIOPortBaseRead8SystemBytearray', ID = '1005'
Method 'SystemVoidCosmosHALBlockDeviceBlockDeviceCheckBlockNoSystemUInt64SystemUInt64', ID = '1006'
Method 'SystemVoidCosmosHALBlockDeviceMBRPartInfoctorSystemByteSystemUInt32SystemUInt32', ID = '1008'
Method 'SystemVoidSystemCollectionsGenericList1anonymousTypeCosmosHALBlockDeviceMBRPartInfoAddCosmosHALBlockDeviceMBRPartInfo', ID = '1009'
Method 'SystemVoidCosmosHALBlockDeviceEBRPartInfoctorSystemByteSystemUInt32SystemUInt32', ID = '1011'
Method 'SystemVoidSystemCollectionsGenericList1anonymousTypeCosmosHALBlockDeviceEBRPartInfoAddCosmosHALBlockDeviceEBRPartInfo', ID = '1012'
Method 'SystemVoidSystemCollectionsGenericList1anonymousTypeCosmosHALBlockDeviceEBRPartInfocctor', ID = '1013'
Method 'SystemVoidSystemCollectionsGenericList1anonymousTypeCosmosHALBlockDeviceMBRPartInfocctor', ID = '1019'
Method 'SystemVoidSystemCollectionsGenericList1anonymousTypeCosmosHALBlockDevicePortsStoragePortcctor', ID = '1026'
Method 'SystemUInt32CosmosHALBlockDeviceRegistersPortRegistersget_SSTS', ID = '1034'
Method 'SystemUInt32CosmosHALBlockDeviceRegistersPortRegistersget_SIG', ID = '1035'
Method 'SystemBooleanCosmosHALBlockDeviceAHCIStopCMDCosmosHALBlockDeviceRegistersPortRegisters', ID = '1036'
Method 'SystemVoidCosmosHALBlockDevicePortsSATAPortResetCosmosHALBlockDeviceRegistersPortRegisters', ID = '1037'
Method 'SystemVoidCosmosHALBlockDeviceRegistersPortRegistersset_CLBSystemUInt32', ID = '1038'
Method 'SystemVoidCosmosHALBlockDeviceRegistersPortRegistersset_FBSystemUInt32', ID = '1039'
Method 'SystemVoidCosmosHALBlockDeviceRegistersPortRegistersset_SERRSystemUInt32', ID = '1040'
Method 'SystemVoidCosmosHALBlockDeviceRegistersPortRegistersset_ISSystemUInt32', ID = '1041'
Method 'SystemVoidCosmosHALBlockDeviceRegistersPortRegistersset_IESystemUInt32', ID = '1042'
Method 'SystemUInt32CosmosHALBlockDeviceRegistersPortRegistersget_CLB', ID = '1043'
Method 'SystemVoidCosmosCoreMemoryBlockFillSystemByte', ID = '1044'
Method 'SystemUInt32CosmosHALBlockDeviceRegistersPortRegistersget_FB', ID = '1045'
Method 'CosmosHALBlockDeviceRegistersHBACommandHeaderarrayCosmosHALBlockDeviceAHCIGetCommandHeaderCosmosHALBlockDeviceRegistersPortRegisters', ID = '1046'
Method 'SystemBooleanCosmosHALBlockDeviceAHCIStartCMDCosmosHALBlockDeviceRegistersPortRegisters', ID = '1047'
Method 'SystemVoidCosmosHALBlockDevicePortsStoragePortctor', ID = '1049'
Method 'SystemUInt32CosmosHALBlockDeviceRegistersPortRegistersget_CMD', ID = '1050'
Method 'SystemVoidCosmosCoreMemoryGroupAHCIctorSystemUInt32', ID = '1051'
Method 'SystemVoidCosmosHALBlockDevicePortsSATASendSATA28CommandCosmosHALBlockDeviceRegistersATACommandsSystemUInt32SystemUInt32', ID = '1052'
Method 'SystemVoidCosmosCoreMemoryBlockRead16SystemUInt16array', ID = '1054'
Method 'SystemStringCosmosHALBlockDevicePortsSATAGetStringSystemUInt16arraySystemInt32SystemInt32', ID = '1055'
Method 'SystemVoidSystemCollectionsGenericList1anonymousTypeCosmosHALBlockDevicePortsStoragePortAddWithResizeCosmosHALBlockDevicePortsStoragePort', ID = '1056'
Method 'SystemStringCosmosCore_PlugsSystemStringImplFormatHelperSystemIFormatProviderSystemStringSystemObjectarray', ID = '1057'
Method 'SystemVoidSystemThrowHelperThrowInvalidOperationException_InvalidOperation_EnumFailedVersion', ID = '1058'
Method 'SystemVoidCosmosSystemScanMapBasector', ID = '1062'
Method 'CosmosSystemKeyEventarraySystemArrayEmptyCosmosSystemKeyEvent', ID = '1064'
Method 'SystemVoidSystemCollectionsGenericList1anonymousTypeCosmosHALKeyboardBaseAddCosmosHALKeyboardBase', ID = '1066'
Method 'SystemCollectionsGenericIEnumerator1anonymousTypeCosmosHALKeyboardBaseSystemCollectionsGenericList1anonymousTypeCosmosHALKeyboardBaseSystemCollectionsGenericIEnumerableTGetEnumerator', ID = '1068'
Method 'SystemVoidCosmosSystemKeyboardManagerHandleScanCodeSystemByteSystemBoolean', ID = '1069'
Method 'SystemVoidCosmosCore_AsmDelegateImplCtorSystemObjectSystemIntPtr', ID = '829'
Method 'SystemVoidSystemCollectionsGenericList1anonymousTypeCosmosHALPITPITTimercctor', ID = '1071'
Method 'SystemVoidCosmosHALPITPITTimerDispose', ID = '1077'
Method 'SystemVoidSystemCollectionsGenericList1anonymousTypeSystemCharcctor', ID = '1080'
Method 'SystemVoidSystemCharcctor', ID = '1085'
Method 'SystemBooleanCosmosCore_PlugsSystemRuntimeCompilerServicesRuntimeHelpersImplIsReferenceOrContainsReferencesanonymousType', ID = '1089'
Method 'SystemVoidSystemCollectionsGenericList1anonymousTypeSystemCharEnsureCapacitySystemInt32', ID = '1090'
Method 'SystemVoidSystemCollectionsGenericQueue1anonymousTypeCosmosSystemKeyEventThrowForEmptyQueue', ID = '1091'
Method 'SystemVoidSystemCollectionsGenericQueue1anonymousTypeCosmosSystemKeyEventMoveNextSystemInt32', ID = '1093'
Method 'SystemVoidCosmosCore_AsmCPUImplHalt', ID = '1097'
Method 'SystemStringSystemSRget_ArgumentOutOfRange_DateTimeBadTicks', ID = '1101'
Method 'SystemStringSystemSRget_Argument_InvalidDateTimeKind', ID = '1102'
Method 'SystemVoidCosmosHALRTCcctor', ID = '1104'
Method 'SystemBooleanSystemDateTimeIsLeapYearSystemInt32', ID = '1105'
Method 'SystemStringSystemSRget_ArgumentOutOfRange_BadYearMonthDay', ID = '1106'
Method 'SystemInt64SystemTimeSpanTimeToTicksSystemInt32SystemInt32SystemInt32', ID = '1107'
Method 'SystemStringSystemSRget_ArgumentOutOfRange_BadHourMinuteSecond', ID = '1108'
Method 'SystemInt32CosmosCore_PlugsSystemStringImplIndexOfSystemCharSystemInt32SystemInt32', ID = '1109'
Method 'SystemVoidCosmosCore_PlugsSystemStringImplcctor', ID = '1110'
Method 'SystemVoidSystemBufferMemmoveSystemBytepointerSystemBytepointerSystemUInt32', ID = '1112'
Method 'SystemVoidSystemTextASCIIEncodingcctor', ID = '1113'
Method 'SystemVoidSystemTextUTF8EncodingUTF8EncodingSealedctorSystemBoolean', ID = '1115'
Method 'SystemInt32SystemTextEncodingGetByteCountSystemCharpointerSystemInt32SystemTextEncoderNLS', ID = '1118'
Method 'SystemInt32SystemTextASCIIEncodingGetByteCountSystemChararraySystemInt32SystemInt32', ID = '1119'
Method 'SystemStringSystemSRget_ArgumentNull_Array', ID = '1120'
Method 'SystemStringSystemSRget_ArgumentOutOfRange_IndexCount', ID = '1121'
Method 'SystemStringSystemSRget_ArgumentOutOfRange_Index', ID = '1122'
Method 'SystemInt32SystemTextEncodingGetBytesSystemCharpointerSystemInt32SystemBytepointerSystemInt32SystemTextEncoderNLS', ID = '1123'
Method 'SystemInt32SystemTextASCIIEncodingGetBytesSystemChararraySystemInt32SystemInt32SystemBytearraySystemInt32', ID = '1124'
Method 'SystemVoidCosmosHALTextScreenScrollUp', ID = '1125'
Method 'SystemVoidCosmosHALTextScreenset_ItemSystemInt32SystemInt32SystemByte', ID = '1126'
Method 'SystemStringCosmosCoreCosmosRuntimeTypeget_Name', ID = '1128'
Method 'SystemVoidSystemTypector', ID = '1129'
Method 'SystemStringCosmosCommonStringHelperGetNumberStringSystemUInt64', ID = '1133'
Method 'SystemStringSystemStringCreateFromCharSystemChar', ID = '1134'
Method 'SystemBooleanSystemSRUsingResourceKeys', ID = '1135'
Method 'SystemStringSystemStringJoinSystemStringSystemObjectarray', ID = '1136'
Method 'SystemStringCosmosCommonStringHelperGetNumberStringSystemInt64', ID = '1141'
Method 'SystemStringSystemSRget_Arg_NotImplementedException', ID = '1142'
Method 'SystemVoidCosmosCoreIOPortReadctorSystemUInt16', ID = '1147'
Method 'SystemVoidCosmosCoreIOPortWritectorSystemUInt16', ID = '1148'
Method 'SystemUInt16CosmosCoreIOGroupATAGetBAR0SystemBoolean', ID = '1149'
Method 'SystemUInt16CosmosCoreIOGroupATAGetBAR1SystemBoolean', ID = '1150'
Method 'SystemVoidCosmosCoreIOPortWritectorSystemUInt16SystemUInt16', ID = '1151'
Method 'SystemVoidCosmosCoreIOPortctorSystemUInt16SystemUInt16', ID = '1152'
Method 'SystemVoidCosmosCoreIOPortReadctorSystemUInt16SystemUInt16', ID = '1153'
Method 'SystemVoidCosmosCoreMemoryBlockFillSystemUInt16', ID = '1155'
Method 'SystemVoidCosmosHALTextScreenSetCursorPosSystemInt32SystemInt32', ID = '1156'
Method 'SystemVoidSystemCollectionsGenericList1anonymousTypeCosmosHALPCIDeviceEnsureCapacitySystemInt32', ID = '1157'
Method 'SystemStringSystemThrowHelperGetResourceStringSystemExceptionResource', ID = '1158'
Method 'SystemCharCosmosCommonExtensionsToHexStringDigitToHexCharSystemByte', ID = '1159'
Method 'SystemUInt64CosmosCore_PlugsSystemObjectImplMemberwiseClone', ID = '1161'
Method 'SystemByteCosmosHALPS2Mouseget_PS2Port', ID = '1164'
Method 'SystemVoidCosmosHALPS2ControllerPrepareSecondPortWrite', ID = '1165'
Method 'SystemByteCosmosHALPS2ControllerReadByteAfterAck', ID = '1166'
Method 'SystemBooleanCosmosHALPS2Mouseget_HasScrollWheel', ID = '1167'
Method 'SystemVoidCosmosCore_AsmDelegateImplInvoke', ID = '669'
Method 'SystemByteCosmosHALPS2Keyboardget_PS2Port', ID = '1170'
Method 'SystemVoidCosmosCore_AsmDelegateImplInvoke', ID = '669'
Method 'SystemVoidCosmosHALPS2KeyboardUpdateLeds', ID = '1172'
Method 'SystemVoidSystemCollectionsGenericList1EnumeratoranonymousTypeCosmosHALPCIDevicectorSystemCollectionsGenericList1anonymousTypeCosmosHALPCIDevice', ID = '1173'
Method 'SystemBooleanSystemCollectionsGenericList1EnumeratoranonymousTypeCosmosHALPCIDeviceMoveNextRare', ID = '1174'
Method 'SystemVoidSystemCollectionsGenericList1EnumeratoranonymousTypeCosmosHALPCIDeviceDispose', ID = '1175'
Method 'SystemVoidCosmosHALBlockDeviceAtaPioWait', ID = '1179'
Method 'SystemVoidCosmosHALBlockDeviceAtaPioDebugSystemString', ID = '1182'
Method 'SystemVoidCosmosHALBlockDeviceAtaPioDebugHexSystemStringSystemUInt32', ID = '1183'
Method 'SystemVoidSystemCollectionsGenericList1anonymousTypeCosmosHALBlockDeviceBlockDeviceset_CapacitySystemInt32', ID = '1187'
Method 'SystemVoidSystemThrowHelperThrowArgumentNullExceptionSystemExceptionArgument', ID = '1188'
Method 'SystemVoidSystemThrowHelperThrowArgumentExceptionSystemExceptionResourceSystemExceptionArgument', ID = '1189'
Method 'SystemInt64SystemRuntimeCompilerServicesUnsafeReadUnalignedSystemInt64SystemByte', ID = '1190'
Method 'SystemInt32SystemRuntimeCompilerServicesUnsafeReadUnalignedSystemInt32SystemByte', ID = '1191'
Method 'SystemStringSystemSRget_Arg_GuidArrayCtor', ID = '1192'
Method 'SystemVoidSystemGuidcctor', ID = '1193'
Method 'SystemStringSystemGuidToString', ID = '1194'
Method 'SystemBooleanSystemGuidop_EqualitySystemGuidSystemGuid', ID = '1197'
Method 'SystemVoidSystemCollectionsGenericList1anonymousTypeCosmosHALBlockDeviceGPTGPartInfoAddWithResizeCosmosHALBlockDeviceGPTGPartInfo', ID = '1198'
Method 'SystemStringSystemThrowHelperGetArgumentNameSystemExceptionArgument', ID = '1199'
Method 'SystemVoidCosmosCoreIOPortWriteset_WordSystemUInt16', ID = '1200'
Method 'SystemVoidSystemCollectionsGenericList1anonymousTypeCosmosHALBlockDeviceMBRPartInfoAddWithResizeCosmosHALBlockDeviceMBRPartInfo', ID = '1201'
Method 'SystemVoidSystemCollectionsGenericList1anonymousTypeCosmosHALBlockDeviceEBRPartInfoAddWithResizeCosmosHALBlockDeviceEBRPartInfo', ID = '1203'
Method 'SystemVoidCosmosCore_AsmArrayImplCopySystemArraySystemInt32SystemArraySystemInt32SystemInt32SystemBoolean', ID = '1204'
Method 'SystemVoidCosmosHALBlockDeviceRegistersPortRegistersset_CMDSystemUInt32', ID = '1205'
Method 'SystemVoidCosmosHALBlockDeviceAHCIWaitSystemInt32', ID = '1206'
Method 'SystemUInt32CosmosHALBlockDeviceRegistersPortRegistersget_CI', ID = '1207'
Method 'SystemUInt32CosmosHALBlockDeviceRegistersPortRegistersget_TFD', ID = '1208'
Method 'SystemVoidCosmosHALBlockDeviceAHCIHBAReset', ID = '1209'
Method 'SystemVoidCosmosHALBlockDeviceRegistersPortRegistersset_SCTLSystemUInt32', ID = '1210'
Method 'SystemUInt32CosmosHALBlockDeviceRegistersPortRegistersget_SCTL', ID = '1211'
Method 'SystemVoidCosmosCoreMemoryBlockFillSystemUInt32SystemUInt32SystemByte', ID = '1212'
Method 'SystemVoidCosmosHALBlockDeviceRegistersHBACommandHeaderctorSystemUInt32SystemUInt32', ID = '1215'
Method 'SystemVoidCosmosHALBlockDeviceRegistersHBACommandHeaderset_PRDTLSystemUInt16', ID = '1216'
Method 'SystemVoidCosmosHALBlockDeviceRegistersHBACommandHeaderset_CTBASystemUInt32', ID = '1217'
Method 'SystemVoidCosmosHALBlockDeviceRegistersHBACommandHeaderset_CTBAUSystemUInt32', ID = '1218'
Method 'SystemUInt32CosmosHALBlockDeviceRegistersHBACommandHeaderget_CTBA', ID = '1219'
Method 'SystemVoidCosmosHALBlockDevicePortsSATAcctor', ID = '1220'
Method 'SystemVoidCosmosHALBlockDevicePortsSATAReadBlockSystemUInt64SystemUInt64SystemBytearray', ID = '1221'
Method 'CosmosHALBlockDeviceRegistersPortTypeCosmosHALBlockDevicePortsSATAget_mPortType', ID = '1222'
Method 'SystemStringCosmosHALBlockDevicePortsSATAget_mPortName', ID = '1223'
Method 'SystemUInt32CosmosHALBlockDevicePortsSATAget_mPortNumber', ID = '1224'
Method 'SystemInt32CosmosHALBlockDevicePortsSATAFindCMDSlot', ID = '1226'
Method 'SystemVoidCosmosHALBlockDeviceRegistersHBACommandHeaderset_CFLSystemByte', ID = '1227'
Method 'SystemVoidCosmosHALBlockDeviceRegistersHBACommandHeaderset_WriteSystemByte', ID = '1228'
Method 'SystemUInt16CosmosHALBlockDeviceRegistersHBACommandHeaderget_PRDTL', ID = '1229'
Method 'SystemVoidCosmosHALBlockDeviceRegistersHBACommandTablectorSystemUInt32SystemUInt32', ID = '1230'
Method 'SystemVoidCosmosHALBlockDeviceRegistersHBAPRDTEntryset_DBASystemUInt32', ID = '1232'
Method 'SystemVoidCosmosHALBlockDeviceRegistersHBAPRDTEntryset_DBCSystemUInt32', ID = '1233'
Method 'SystemVoidCosmosHALBlockDeviceRegistersHBAPRDTEntryset_InterruptOnCompletionSystemByte', ID = '1234'
Method 'SystemUInt32CosmosHALBlockDeviceRegistersHBACommandTableget_CFIS', ID = '1235'
Method 'SystemVoidCosmosHALBlockDeviceRegistersFISRegisterH2DctorSystemUInt32', ID = '1236'
Method 'SystemVoidCosmosHALBlockDeviceRegistersFISRegisterH2Dset_FISTypeSystemByte', ID = '1237'
Method 'SystemVoidCosmosHALBlockDeviceRegistersFISRegisterH2Dset_IsCommandSystemByte', ID = '1238'
Method 'SystemVoidCosmosHALBlockDeviceRegistersFISRegisterH2Dset_CommandSystemByte', ID = '1239'
Method 'SystemVoidCosmosHALBlockDeviceRegistersFISRegisterH2Dset_DeviceSystemByte', ID = '1240'
Method 'SystemVoidCosmosHALBlockDeviceRegistersFISRegisterH2Dset_LBA0SystemByte', ID = '1241'
Method 'SystemVoidCosmosHALBlockDeviceRegistersFISRegisterH2Dset_LBA1SystemByte', ID = '1242'
Method 'SystemVoidCosmosHALBlockDeviceRegistersFISRegisterH2Dset_LBA2SystemByte', ID = '1243'
Method 'SystemVoidCosmosHALBlockDeviceRegistersFISRegisterH2Dset_CountLSystemByte', ID = '1244'
Method 'SystemVoidCosmosHALBlockDeviceRegistersPortRegistersset_CISystemUInt32', ID = '1246'
Method 'SystemUInt32CosmosHALBlockDeviceRegistersPortRegistersget_IS', ID = '1247'
Method 'SystemVoidSystemCollectionsGenericList1anonymousTypeCosmosHALBlockDevicePortsStoragePortEnsureCapacitySystemInt32', ID = '1248'
Method 'SystemVoidSystemFormatExceptionctorSystemString', ID = '1250'
Method 'SystemInt32CosmosCommonStringHelperGetStringToNumberSystemString', ID = '1251'
Method 'SystemBooleanSystemCharIsDigitSystemChar', ID = '1252'
Method 'SystemVoidSystemCollectionsGenericList1anonymousTypeCosmosHALKeyboardBasecctor', ID = '1253'
Method 'SystemVoidSystemCollectionsGenericList1anonymousTypeCosmosHALKeyboardBaseAddWithResizeCosmosHALKeyboardBase', ID = '1265'
Method 'SystemVoidSystemCollectionsGenericList1EnumeratoranonymousTypeCosmosHALKeyboardBasectorSystemCollectionsGenericList1anonymousTypeCosmosHALKeyboardBase', ID = '1266'
Method 'SystemBooleanCosmosSystemScanMapBaseScanCodeMatchesKeySystemByteCosmosSystemConsoleKeyEx', ID = '1268'
Method 'SystemBooleanCosmosSystemKeyboardManagerget_CapsLock', ID = '1269'
Method 'SystemVoidCosmosSystemKeyboardManagerUpdateLeds', ID = '1270'
Method 'SystemBooleanCosmosSystemKeyboardManagerget_NumLock', ID = '1271'
Method 'SystemBooleanCosmosSystemKeyboardManagerget_ScrollLock', ID = '1272'
Method 'SystemVoidCosmosSystemKeyboardManagerset_ControlPressedSystemBoolean', ID = '1273'
Method 'SystemVoidCosmosSystemKeyboardManagerset_ShiftPressedSystemBoolean', ID = '1274'
Method 'SystemVoidCosmosSystemKeyboardManagerset_AltPressedSystemBoolean', ID = '1275'
Method 'SystemBooleanCosmosSystemKeyboardManagerget_ControlPressed', ID = '1276'
Method 'SystemBooleanCosmosSystemKeyboardManagerget_AltPressed', ID = '1277'
Method 'SystemVoidCosmosSystemPowerReboot', ID = '1278'
Method 'SystemBooleanCosmosSystemKeyboardManagerGetKeySystemByteCosmosSystemKeyEvent', ID = '1279'
Method 'SystemVoidCosmosSystemKeyboardManagerEnqueueCosmosSystemKeyEvent', ID = '1280'
Method 'SystemVoidCosmosHALPITUnregisterTimerSystemInt32', ID = '1282'
Method 'SystemVoidSystemCollectionsGenericList1anonymousTypeSystemCharset_CapacitySystemInt32', ID = '1286'
Method 'SystemStringSystemSRget_InvalidOperation_EmptyQueue', ID = '1287'
Method 'SystemInt32CosmosCore_PlugsSystemStringImplCompareToSystemString', ID = '1288'
Method 'SystemVoidCosmosCore_AsmIOPortImplWrite16SystemUInt16SystemUInt16', ID = '1289'
Method 'SystemStringCosmosSystem_PlugsSystemDateTimeImplToShortDateString', ID = '1291'
Method 'SystemStringSystemSRget_ArgumentOutOfRange_Year', ID = '1293'
Method 'SystemStringSystemSRget_Overflow_TimeSpanTooLong', ID = '1295'
Method 'SystemVoidSystemBuffer_MemmoveSystemBytepointerSystemBytepointerSystemUInt32', ID = '1299'
Method 'SystemVoidSystemTextASCIIEncodingASCIIEncodingSealedctor', ID = '1300'
Method 'SystemVoidSystemTextUTF8EncodingctorSystemBoolean', ID = '1302'
Method 'SystemInt32CosmosSystem_PlugsSystemRuntimeRuntimeHelpersImplget_OffsetToStringData', ID = '1303'
Method 'SystemInt32SystemTextASCIIEncodingGetByteCountSystemCharpointerSystemInt32SystemTextEncoderNLS', ID = '1305'
Method 'SystemInt32SystemTextUTF8EncodingGetByteCountSystemCharpointerSystemInt32SystemTextEncoderNLS', ID = '1306'
Method 'SystemInt32SystemTextEncodingGetByteCountSystemCharpointerSystemInt32', ID = '1307'
Method 'SystemStringSystemSRget_ArgumentOutOfRange_IndexCountBuffer', ID = '1308'
Method 'SystemInt32SystemTextASCIIEncodingGetBytesSystemCharpointerSystemInt32SystemBytepointerSystemInt32SystemTextEncoderNLS', ID = '1309'
Method 'SystemInt32SystemTextUTF8EncodingGetBytesSystemCharpointerSystemInt32SystemBytepointerSystemInt32SystemTextEncoderNLS', ID = '1310'
Method 'SystemInt32SystemTextEncodingGetBytesSystemCharpointerSystemInt32SystemBytepointerSystemInt32', ID = '1311'
Method 'SystemVoidCosmosCoreMemoryBlockMoveDownSystemUInt32SystemUInt32SystemUInt32', ID = '1312'
Method 'SystemVoidCosmosCoreMemoryBlockFillSystemUInt32SystemUInt32SystemUInt16', ID = '1313'
Method 'SystemVoidCosmosCoreMemoryBlock08set_ItemSystemUInt32SystemByte', ID = '1314'
Method 'SystemVoidCosmosCore_PlugsSystemTypeImplcctor', ID = '1315'
Method 'SystemVoidSystemReflectionMemberInfoctor', ID = '1316'
Method 'SystemStringSystemStringJoinCoreSystemCharpointerSystemInt32SystemObjectarray', ID = '1317'
Method 'SystemGlobalizationCultureInfoCosmosCore_PlugsSystemGlobalizationCultureInfoImplget_CurrentCulture', ID = '1319'
Method 'SystemStringCosmosCore_PlugsSystemStringImplToLowerSystemGlobalizationCultureInfo', ID = '1320'
Method 'SystemVoidCosmosCoreIOPortBasectorSystemUInt16SystemUInt16', ID = '1321'
Method 'SystemVoidSystemCollectionsGenericList1anonymousTypeCosmosHALPCIDeviceset_CapacitySystemInt32', ID = '1322'
Method 'SystemStringSystemSRGetResourceStringSystemString', ID = '1323'
Method 'SystemUInt16CosmosCore_AsmIOPortImplRead16SystemUInt16', ID = '1330'
Method 'SystemArgumentNullExceptionSystemThrowHelperGetArgumentNullExceptionSystemExceptionArgument', ID = '1331'
Method 'SystemArgumentExceptionSystemThrowHelperGetArgumentExceptionSystemExceptionResourceSystemExceptionArgument', ID = '1332'
Method 'SystemStringSystemGuidToStringSystemStringSystemIFormatProvider', ID = '1334'
Method 'SystemVoidSystemCollectionsGenericList1anonymousTypeCosmosHALBlockDeviceGPTGPartInfoEnsureCapacitySystemInt32', ID = '1335'
Method 'SystemVoidSystemCollectionsGenericList1anonymousTypeCosmosHALBlockDeviceMBRPartInfoEnsureCapacitySystemInt32', ID = '1336'
Method 'SystemVoidSystemCollectionsGenericList1anonymousTypeCosmosHALBlockDeviceEBRPartInfoEnsureCapacitySystemInt32', ID = '1337'
Method 'SystemVoidCosmosCoreMemoryOperationsFillSystemBytepointerSystemByteSystemInt32', ID = '1339'
Method 'SystemVoidCosmosCoreMemoryBlock16set_ItemSystemUInt32SystemUInt16', ID = '1345'
Method 'SystemVoidCosmosHALBlockDevicePortsSATASendSATA48CommandCosmosHALBlockDeviceRegistersATACommandsSystemUInt64SystemUInt32', ID = '1346'
Method 'SystemVoidCosmosCoreMemoryBlockRead8SystemBytearray', ID = '1347'
Method 'SystemUInt32CosmosHALBlockDeviceRegistersPortRegistersget_SACT', ID = '1348'
Method 'SystemByteCosmosCoreMemoryBlock08get_ItemSystemUInt32', ID = '1349'
Method 'SystemUInt16CosmosCoreMemoryBlock16get_ItemSystemUInt32', ID = '1350'
Method 'SystemVoidCosmosHALBlockDeviceRegistersHBAPRDTEntryctorSystemUInt32SystemUInt32', ID = '1352'
Method 'SystemBooleanSystemStringIsNullOrWhiteSpaceSystemString', ID = '1354'
Method 'SystemBooleanSystemCharIsLatin1SystemChar', ID = '1355'
Method 'SystemGlobalizationUnicodeCategorySystemGlobalizationCharUnicodeInfoGetUnicodeCategorySystemChar', ID = '1356'
Method 'SystemVoidCosmosSystemScanMapsUS_StandardInitKeys', ID = '1357'
Method 'SystemVoidSystemArrayEmptyArray1anonymousTypeCosmosSystemKeyEventcctor', ID = '1361'
Method 'SystemVoidSystemCollectionsGenericList1anonymousTypeCosmosHALKeyboardBaseEnsureCapacitySystemInt32', ID = '1362'
Method 'SystemVoidSystemCollectionsGenericList1EnumeratoranonymousTypeCosmosHALKeyboardBaseDispose', ID = '1363'
Method 'CosmosHALKeyboardBaseSystemCollectionsGenericList1EnumeratoranonymousTypeCosmosHALKeyboardBaseget_Current', ID = '1364'
Method 'SystemBooleanSystemCollectionsGenericList1EnumeratoranonymousTypeCosmosHALKeyboardBaseMoveNext', ID = '1365'
Method 'CosmosSystemKeyMappingSystemCollectionsGenericList1anonymousTypeCosmosSystemKeyMappingget_ItemSystemInt32', ID = '1366'
Method 'SystemInt32SystemCollectionsGenericList1anonymousTypeCosmosSystemKeyMappingget_Count', ID = '1368'
Method 'SystemCollectionsGenericList1EnumeratoranonymousTypeCosmosHALKeyboardBaseSystemCollectionsGenericList1anonymousTypeCosmosHALKeyboardBaseGetEnumerator', ID = '1369'
Method 'SystemVoidCosmosHALPowerCPUReboot', ID = '1373'
Method 'SystemBooleanCosmosSystemKeyboardManagerget_ShiftPressed', ID = '1375'
Method 'CosmosSystemKeyEventCosmosSystemScanMapBaseConvertScanCodeSystemByteSystemBooleanSystemBooleanSystemBooleanSystemBooleanSystemBooleanSystemBoolean', ID = '1376'
Method 'SystemVoidSystemCollectionsGenericQueue1anonymousTypeCosmosSystemKeyEventEnqueueCosmosSystemKeyEvent', ID = '1377'
Method 'SystemVoidSystemTimeSpancctor', ID = '1378'
Method 'SystemVoidSystemTextASCIIEncodingctor', ID = '1384'
Method 'SystemInt32SystemTextUTF8EncodingGetByteCountSystemString', ID = '1386'
Method 'SystemInt32SystemTextUTF8EncodingGetBytesSystemStringSystemInt32SystemInt32SystemBytearraySystemInt32', ID = '1387'
Method 'SystemInt32SystemTextUTF8EncodingGetByteCountSystemChararraySystemInt32SystemInt32', ID = '1388'
Method 'SystemInt32SystemTextUTF8EncodingGetBytesSystemChararraySystemInt32SystemInt32SystemBytearraySystemInt32', ID = '1389'
Method 'SystemVoidSystemTextUTF8EncodingctorSystemBooleanSystemBoolean', ID = '1390'
Method 'SystemTextEncoderFallbackSystemTextEncoderget_Fallback', ID = '1393'
Method 'SystemBooleanSystemTextEncoderget_InternalHasFallbackBuffer', ID = '1395'
Method 'SystemTextEncoderFallbackBufferSystemTextEncoderget_FallbackBuffer', ID = '1396'
Method 'SystemStringSystemSRget_Argument_EncoderFallbackNotEmpty', ID = '1398'
Method 'SystemStringSystemTextEncodingget_EncodingName', ID = '1399'
Method 'SystemStringSystemSRFormatSystemStringSystemObjectSystemObject', ID = '1400'
Method 'SystemVoidSystemArgumentExceptionctorSystemString', ID = '1401'
Method 'SystemVoidSystemTextEncoderFallbackBufferInternalInitializeSystemCharpointerSystemCharpointerSystemTextEncoderNLSSystemBoolean', ID = '1402'
Method 'SystemTextEncoderFallbackSystemTextEncodingget_EncoderFallback', ID = '1403'
Method 'SystemBooleanSystemTextEncoderFallbackBufferInternalFallbackSystemCharSystemCharpointer', ID = '1405'
Method 'SystemCharSystemTextEncoderFallbackBufferInternalGetNextChar', ID = '1407'
Method 'SystemBooleanSystemTextUTF8EncodingInRangeSystemInt32SystemInt32SystemInt32', ID = '1410'
Method 'SystemBooleanSystemTextEncoderNLSget_MustFlush', ID = '1411'
Method 'SystemInt32SystemTextUTF8EncodingPtrDiffSystemCharpointerSystemCharpointer', ID = '1412'
Method 'SystemInt32SystemTextASCIIEncodingGetByteCountSystemCharpointerSystemInt32', ID = '1413'
Method 'SystemInt32SystemTextUTF8EncodingGetByteCountSystemCharpointerSystemInt32', ID = '1414'
Method 'SystemStringSystemTextEncoderReplacementFallbackget_DefaultString', ID = '1415'
Method 'SystemVoidSystemTextEncodingThrowBytesOverflowSystemTextEncoderNLSSystemBoolean', ID = '1416'
Method 'SystemInt32SystemTextUTF8EncodingPtrDiffSystemBytepointerSystemBytepointer', ID = '1418'
Method 'SystemInt32SystemTextASCIIEncodingGetBytesSystemCharpointerSystemInt32SystemBytepointerSystemInt32', ID = '1419'
Method 'SystemInt32SystemTextUTF8EncodingGetBytesSystemCharpointerSystemInt32SystemBytepointerSystemInt32', ID = '1420'
Method 'SystemVoidCosmosCoreMemoryOperationsFillSystemUInt16pointerSystemUInt16SystemInt32', ID = '1422'
Method 'SystemTextStringBuilderSystemTextStringBuilderCacheAcquireSystemInt32', ID = '1424'
Method 'SystemTextStringBuilderSystemTextStringBuilderAppendSystemString', ID = '1425'
Method 'SystemTextStringBuilderSystemTextStringBuilderAppendSystemCharpointerSystemInt32', ID = '1426'
Method 'SystemStringSystemTextStringBuilderCacheGetStringAndReleaseSystemTextStringBuilder', ID = '1427'
Method 'SystemStringSystemGlobalizationCultureInfoToString', ID = '1429'
Method 'SystemStringCosmosCore_PlugsSystemStringImplChangeCasingSystemStringSystemInt32SystemInt32SystemInt32', ID = '1431'
Method 'SystemStringSystemSRget_Format_InvalidGuidFormatSpecification', ID = '1432'
Method 'SystemInt32SystemGuidHexsToCharsSystemCharpointerSystemInt32SystemInt32', ID = '1433'
Method 'SystemInt32SystemGuidHexsToCharsHexOutputSystemCharpointerSystemInt32SystemInt32', ID = '1434'
Method 'SystemVoidSystemCollectionsGenericList1anonymousTypeCosmosHALBlockDeviceGPTGPartInfoset_CapacitySystemInt32', ID = '1435'
Method 'SystemVoidSystemCollectionsGenericList1anonymousTypeCosmosHALBlockDeviceMBRPartInfoset_CapacitySystemInt32', ID = '1436'
Method 'SystemVoidSystemCollectionsGenericList1anonymousTypeCosmosHALBlockDeviceEBRPartInfoset_CapacitySystemInt32', ID = '1437'
Method 'SystemVoidCosmosHALBlockDeviceRegistersFISRegisterH2Dset_LBA3SystemByte', ID = '1440'
Method 'SystemVoidCosmosHALBlockDeviceRegistersFISRegisterH2Dset_LBA4SystemByte', ID = '1441'
Method 'SystemVoidCosmosHALBlockDeviceRegistersFISRegisterH2Dset_LBA5SystemByte', ID = '1442'
Method 'SystemVoidCosmosHALBlockDeviceRegistersFISRegisterH2Dset_CountHSystemByte', ID = '1443'
Method 'SystemBooleanSystemCharIsWhiteSpaceSystemChar', ID = '1444'
Method 'SystemVoidSystemCollectionsGenericList1anonymousTypeCosmosSystemKeyMappingctorSystemInt32', ID = '1448'
Method 'SystemVoidCosmosSystemKeyMappingctorSystemByteCosmosSystemConsoleKeyEx', ID = '1449'
Method 'SystemVoidSystemCollectionsGenericList1anonymousTypeCosmosSystemKeyMappingAddCosmosSystemKeyMapping', ID = '1450'
Method 'SystemVoidCosmosSystemKeyMappingctorSystemByteSystemCharSystemCharSystemCharSystemCharSystemCharSystemCharCosmosSystemConsoleKeyEx', ID = '1451'
Method 'SystemVoidCosmosSystemKeyMappingctorSystemByteSystemCharCosmosSystemConsoleKeyEx', ID = '1452'
Method 'SystemVoidCosmosSystemKeyMappingctorSystemByteSystemCharSystemCharSystemCharSystemCharSystemCharSystemCharCosmosSystemConsoleKeyExCosmosSystemConsoleKeyEx', ID = '1453'
Method 'SystemVoidSystemCollectionsGenericList1anonymousTypeCosmosHALKeyboardBaseset_CapacitySystemInt32', ID = '1454'
Method 'SystemBooleanSystemCollectionsGenericList1EnumeratoranonymousTypeCosmosHALKeyboardBaseMoveNextRare', ID = '1455'
Method 'SystemVoidCosmosCoreCPUReboot', ID = '1457'
Method 'SystemVoidCosmosSystemKeyEventctor', ID = '1458'
Method 'SystemConsoleModifiersCosmosSystemKeyEventget_Modifiers', ID = '1459'
Method 'SystemVoidCosmosSystemKeyEventset_ModifiersSystemConsoleModifiers', ID = '1460'
Method 'SystemVoidCosmosSystemKeyEventset_TypeCosmosSystemKeyEventKeyEventType', ID = '1461'
Method 'SystemVoidCosmosSystemKeyEventset_KeyCharSystemChar', ID = '1462'
Method 'SystemVoidCosmosSystemKeyEventset_KeyCosmosSystemConsoleKeyEx', ID = '1463'
Method 'SystemVoidSystemCollectionsGenericQueue1anonymousTypeCosmosSystemKeyEventSetCapacitySystemInt32', ID = '1464'
Method 'SystemVoidSystemTimeSpanctorSystemInt64', ID = '1465'
Method 'SystemStringCosmosSystem_PlugsSystemTimeSpanImplToString', ID = '1469'
Method 'SystemVoidCosmosCore_PlugsSystemBufferImpl__MemmoveSystemBytepointerSystemBytepointerSystemUInt32', ID = '1470'
Method 'SystemVoidSystemTextEncodingctorSystemInt32', ID = '1471'
Method 'SystemVoidSystemTextUTF8Encodingcctor', ID = '1472'
Method 'SystemVoidSystemTextEncodingSetDefaultFallbacks', ID = '1473'
Method 'SystemTextEncoderFallbackSystemTextEncoderFallbackget_ReplacementFallback', ID = '1475'
Method 'SystemInt32SystemTextEncoderReplacementFallbackget_MaxCharCount', ID = '1476'
Method 'SystemBooleanSystemCharIsHighSurrogateSystemChar', ID = '1478'
Method 'SystemBooleanSystemCharIsLowSurrogateSystemChar', ID = '1479'
Method 'SystemInt32SystemCharConvertToUtf32SystemCharSystemChar', ID = '1480'
Method 'SystemVoidSystemTextEncoderFallbackBufferThrowLastCharRecursiveSystemInt32', ID = '1481'
Method 'SystemTextEncoderFallbackBufferSystemTextEncoderReplacementFallbackCreateFallbackBuffer', ID = '1484'
Method 'SystemTextEncoderFallbackBufferCosmosCore_PlugsSystemTextEncoderFallbackImplCreateFallbackBuffer', ID = '1485'
Method 'SystemVoidSystemTextEncoderFallbackBufferInternalReset', ID = '1487'
Method 'SystemVoidSystemTextEncodingThrowBytesOverflow', ID = '1488'
Method 'SystemVoidSystemTextEncoderNLSClearMustFlush', ID = '1489'
Method 'SystemVoidCosmosCore_PlugsMemoryOperationsMemoryOperationsImplCopySystemBytepointerSystemBytepointerSystemInt32', ID = '1490'
Method 'SystemInt32SystemTextStringBuilderget_Capacity', ID = '1495'
Method 'SystemTextStringBuilderSystemTextStringBuilderClear', ID = '1496'
Method 'SystemVoidSystemTextStringBuilderctorSystemInt32', ID = '1497'
Method 'SystemVoidSystemTextStringBuilderAppendHelperSystemString', ID = '1498'
Method 'SystemStringSystemSRget_ArgumentOutOfRange_NegativeCount', ID = '1499'
Method 'SystemInt32SystemTextStringBuilderget_Length', ID = '1500'
Method 'SystemStringSystemSRget_ArgumentOutOfRange_LengthGreaterThanCapacity', ID = '1501'
Method 'SystemVoidSystemTextStringBuilderThreadSafeCopySystemCharpointerSystemChararraySystemInt32SystemInt32', ID = '1502'
Method 'SystemVoidSystemTextStringBuilderExpandByABlockSystemInt32', ID = '1503'
Method 'SystemVoidSystemTextStringBuilderCacheReleaseSystemTextStringBuilder', ID = '1504'
Method 'SystemVoidCosmosCore_PlugsSystemGlobalizationCultureInfoImplCCtor', ID = '1505'
Method 'SystemCharSystemGuidHexToCharSystemInt32', ID = '1506'
Method 'SystemVoidCosmosCore_PlugsMemoryOperationsMemoryOperationsImplFillSystemBytepointerSystemInt32SystemInt32', ID = '1507'
Method 'SystemBooleanSystemCharIsWhiteSpaceLatin1SystemChar', ID = '1508'
Method 'SystemBooleanSystemGlobalizationCharUnicodeInfoIsWhiteSpaceSystemChar', ID = '1509'
Method 'SystemByteCosmosCore_PlugsSystemGlobalizationCharUnicodeInfoImplInternalGetUnicodeCategorySystemInt32', ID = '1511'
Method 'SystemVoidSystemCollectionsGenericList1anonymousTypeCosmosSystemKeyMappingAddWithResizeCosmosSystemKeyMapping', ID = '1513'
Method 'SystemVoidCosmosSystemKeyMappingctorSystemByteSystemCharSystemCharSystemCharSystemCharSystemCharSystemCharSystemCharSystemCharSystemCharSystemCharCosmosSystemConsoleKeyEx', ID = '1514'
Method 'SystemVoidCosmosSystemKeyMappingctorSystemByteSystemCharSystemCharSystemCharSystemCharSystemCharSystemCharSystemCharCosmosSystemConsoleKeyExCosmosSystemConsoleKeyEx', ID = '1515'
Method 'SystemVoidSystemCollectionsGenericList1anonymousTypeCosmosSystemKeyMappingcctor', ID = '1516'
Method 'SystemInt64SystemTimeSpanget_Ticks', ID = '1526'
Method 'SystemInt32SystemTimeSpanget_Days', ID = '1527'
Method 'SystemInt32SystemTimeSpanget_Hours', ID = '1528'
Method 'SystemInt32SystemTimeSpanget_Minutes', ID = '1529'
Method 'SystemInt32SystemTimeSpanget_Seconds', ID = '1530'
Method 'SystemDoubleSystemTimeSpanget_TotalSeconds', ID = '1531'
Method 'SystemVoidSystemTextASCIIEncodingSetDefaultFallbacks', ID = '1534'
Method 'SystemVoidSystemTextUTF8EncodingSetDefaultFallbacks', ID = '1535'
Method 'SystemVoidSystemTextInternalEncoderBestFitFallbackctorSystemTextEncoding', ID = '1536'
Method 'SystemVoidSystemTextInternalDecoderBestFitFallbackctorSystemTextEncoding', ID = '1537'
Method 'SystemVoidSystemThreadingMonitorEnterSystemObjectSystemBoolean', ID = '1540'
Method 'SystemVoidSystemTextEncoderReplacementFallbackctor', ID = '1541'
Method 'SystemStringSystemSRget_ArgumentOutOfRange_InvalidHighSurrogate', ID = '1543'
Method 'SystemStringSystemSRget_ArgumentOutOfRange_InvalidLowSurrogate', ID = '1544'
Method 'SystemStringSystemSRget_Argument_RecursiveFallback', ID = '1545'
Method 'SystemVoidSystemTextEncoderReplacementFallbackBufferctorSystemTextEncoderReplacementFallback', ID = '1546'
Method 'SystemVoidSystemTextEncoderFallbackBufferReset', ID = '1548'
Method 'SystemStringSystemSRget_Argument_EncodingConversionOverflowBytes', ID = '1549'
Method 'SystemVoidCosmosCore_PlugsMemoryOperationsMemoryOperationsImplCopyTinySystemBytepointerSystemBytepointerSystemInt32', ID = '1551'
Method 'SystemInt32SystemMathDivRemSystemInt32SystemInt32SystemInt32', ID = '1552'
Method 'SystemVoidCosmosCore_PlugsMemoryOperationsMemoryOperationsImplCopy128BlocksSystemBytepointerSystemBytepointerSystemInt32', ID = '1553'
Method 'SystemStringSystemTextStringBuilderToString', ID = '1554'
Method 'SystemVoidSystemTextStringBuilderset_LengthSystemInt32', ID = '1555'
Method 'SystemVoidSystemTextStringBuilderctorSystemInt32SystemInt32', ID = '1556'
Method 'SystemStringSystemSRget_ArgumentOutOfRange_SmallCapacity', ID = '1557'
Method 'SystemInt32SystemMathMinSystemInt32SystemInt32', ID = '1558'
Method 'SystemInt32SystemMathMaxSystemInt32SystemInt32', ID = '1559'
Method 'SystemVoidSystemTextStringBuilderctorSystemTextStringBuilder', ID = '1560'
Method 'SystemVoidCosmosCore_PlugsMemoryOperationsMemoryOperationsImplFill16BlocksSystemBytepointerSystemInt32SystemInt32', ID = '1561'
Method 'SystemVoidCosmosCore_PlugsSystemCharUnicodeInfoImplCctor', ID = '1562'
Method 'SystemVoidSystemCollectionsGenericList1anonymousTypeCosmosSystemKeyMappingEnsureCapacitySystemInt32', ID = '1564'
Method 'SystemVoidCosmosSystemKeyMappingctorSystemByteSystemCharSystemCharSystemCharSystemCharSystemCharSystemCharSystemCharSystemCharSystemCharSystemCharCosmosSystemConsoleKeyExCosmosSystemConsoleKeyEx', ID = '1565'
Method 'SystemTextDecoderFallbackSystemTextDecoderFallbackget_ReplacementFallback', ID = '1566'
Method 'SystemTextEncoderFallbackSystemTextEncoderFallbackget_ExceptionFallback', ID = '1567'
Method 'SystemTextDecoderFallbackSystemTextDecoderFallbackget_ExceptionFallback', ID = '1568'
Method 'SystemVoidSystemTextEncoderReplacementFallbackctorSystemString', ID = '1569'
Method 'SystemVoidSystemTextDecoderReplacementFallbackctorSystemString', ID = '1570'
Method 'SystemVoidSystemTextEncoderFallbackctor', ID = '1572'
Method 'SystemVoidSystemTextDecoderFallbackctor', ID = '1574'
Method 'SystemObjectCosmosCore_PlugsSystemTextEncoderFallbackImplget_InternalSyncObject', ID = '1576'
Method 'SystemVoidSystemThreadingMonitorThrowLockTakenException', ID = '1579'
Method 'SystemVoidCosmosCore_PlugsSystemThreadingMonitorImplExitSystemObject', ID = '1581'
Method 'SystemVoidSystemTextEncoderFallbackBufferctor', ID = '1583'
Method 'SystemVoidSystemTextEncoderReplacementFallbackBufferReset', ID = '1584'
Method 'SystemVoidCosmosCore_PlugsMemoryOperationsMemoryOperationsImplCopy64BytesSystemBytepointerSystemBytepointer', ID = '1585'
Method 'SystemVoidCosmosCore_PlugsMemoryOperationsMemoryOperationsImplCopy16BytesSystemBytepointerSystemBytepointer', ID = '1586'
Method 'SystemVoidCosmosCore_PlugsMemoryOperationsMemoryOperationsImplCopy32BytesSystemBytepointerSystemBytepointer', ID = '1587'
Method 'SystemVoidCosmosCore_PlugsMemoryOperationsMemoryOperationsImplCopy128BytesSystemBytepointerSystemBytepointer', ID = '1588'
Method 'SystemInt32SystemTextStringBuilderget_MaxCapacity', ID = '1590'
Method 'SystemTextStringBuilderSystemTextStringBuilderAppendSystemCharSystemInt32', ID = '1591'
Method 'SystemTextStringBuilderSystemTextStringBuilderFindChunkForIndexSystemInt32', ID = '1592'
Method 'SystemStringSystemSRget_ArgumentOutOfRange_Capacity', ID = '1593'
Method 'SystemStringSystemSRget_ArgumentOutOfRange_SmallMaxCapacity', ID = '1594'
Method 'SystemStringSystemSRget_ArgumentOutOfRange_MustBePositive', ID = '1595'
Method 'SystemVoidSystemCollectionsGenericList1anonymousTypeCosmosSystemKeyMappingset_CapacitySystemInt32', ID = '1597'
Method 'SystemVoidSystemTextDecoderReplacementFallbackctor', ID = '1600'
Method 'SystemVoidSystemTextEncoderExceptionFallbackctor', ID = '1602'
Method 'SystemVoidSystemTextDecoderExceptionFallbackctor', ID = '1604'
Method 'SystemBooleanSystemCharIsSurrogateSystemStringSystemInt32', ID = '1605'
Method 'SystemBooleanSystemCharIsHighSurrogateSystemStringSystemInt32', ID = '1606'
Method 'SystemStringSystemSRget_Argument_InvalidCharSequenceNoIndex', ID = '1607'
Method 'SystemInt32SystemTextInternalEncoderBestFitFallbackget_MaxCharCount', ID = '1609'
Method 'SystemStringSystemSRget_Argument_MustBeFalse', ID = '1611'
Method 'SystemVoidCosmosCore_PlugsSystemThreadingMonitorImplReliableEnterSystemObjectSystemBoolean', ID = '1612'
Method 'SystemInt32SystemTextEncoderReplacementFallbackBufferget_Remaining', ID = '1614'
Method 'SystemBooleanSystemTextEncoderReplacementFallbackBufferMovePrevious', ID = '1615'
Method 'SystemBooleanSystemTextEncoderReplacementFallbackBufferFallbackSystemCharSystemCharSystemInt32', ID = '1616'
Method 'SystemBooleanSystemTextEncoderReplacementFallbackBufferFallbackSystemCharSystemInt32', ID = '1617'
Method 'SystemCharSystemTextEncoderReplacementFallbackBufferGetNextChar', ID = '1618'
Method 'SystemVoidSystemMathcctor', ID = '1619'
Method 'SystemObjectCosmosCore_PlugsSystemTextDecoderFallbackImplget_InternalSyncObject', ID = '1620'
Method 'SystemBooleanSystemCharIsSurrogateSystemChar', ID = '1623'
Method 'SystemTextEncoderFallbackBufferCosmosCore_PlugsSystemTextInternalEncoderBestFitFallbackImplCreateFallbackBuffer', ID = '1624'
Method 'SystemStringSystemSRget_ArgumentOutOfRange_Range', ID = '1625'
Method 'SystemInt32SystemTextEncoderExceptionFallbackget_MaxCharCount', ID = '1630'
Method 'SystemTextEncoderFallbackBufferSystemTextEncoderExceptionFallbackCreateFallbackBuffer', ID = '1631'
Method 'SystemVoidSystemTextEncoderExceptionFallbackBufferctor', ID = '1633'
Method 'SystemInt32SystemTextEncoderExceptionFallbackBufferget_Remaining', ID = '1635'
Method 'SystemBooleanSystemTextEncoderExceptionFallbackBufferMovePrevious', ID = '1636'
Method 'SystemBooleanSystemTextEncoderExceptionFallbackBufferFallbackSystemCharSystemCharSystemInt32', ID = '1637'
Method 'SystemBooleanSystemTextEncoderExceptionFallbackBufferFallbackSystemCharSystemInt32', ID = '1638'
Method 'SystemCharSystemTextEncoderExceptionFallbackBufferGetNextChar', ID = '1639'
Method 'SystemStringSystemSRget_Argument_InvalidCodePageConversionIndex', ID = '1640'
Method 'SystemVoidSystemTextEncoderFallbackExceptionctorSystemStringSystemCharSystemCharSystemInt32', ID = '1641'
Method 'SystemVoidSystemTextEncoderFallbackExceptionctorSystemStringSystemCharSystemInt32', ID = '1642'

= '1684'
Method 'SystemVoidCosmosCore_PlugsMemoryOperationsMemoryOperationsImplCopy64BytesSystemBytepointerSystemBytepointer', ID = '1685'
Method 'SystemVoidCosmosCore_PlugsMemoryOperationsMemoryOperationsImplCopy16BytesSystemBytepointerSystemBytepointer', ID = '1686'
Method 'SystemVoidCosmosCore_PlugsMemoryOperationsMemoryOperationsImplCopy32BytesSystemBytepointerSystemBytepointer', ID = '1687'
Method 'SystemVoidCosmosCore_PlugsMemoryOperationsMemoryOperationsImplCopy128BytesSystemBytepointerSystemBytepointer', ID = '1688'
Method 'SystemInt32SystemTextStringBuilderget_MaxCapacity', ID = '1689'
Method 'SystemTextStringBuilderSystemTextStringBuilderFindChunkForIndexSystemInt32', ID = '1690'
Method 'SystemStringSystemSRget_ArgumentOutOfRange_Capacity', ID = '1691'
Method 'SystemStringSystemSRget_ArgumentOutOfRange_SmallMaxCapacity', ID = '1692'
Method 'SystemStringSystemSRget_ArgumentOutOfRange_MustBePositive', ID = '1693'
Method 'SystemVoidSystemCollectionsGenericList1anonymousTypeCosmosSystemKeyMappingset_CapacitySystemInt32', ID = '1695'
Method 'SystemVoidSystemMathcctor', ID = '1696'
Method 'SystemVoidSystemTextDecoderReplacementFallbackctor', ID = '1699'
Method 'SystemVoidSystemTextEncoderExceptionFallbackctor', ID = '1701'
Method 'SystemVoidSystemTextDecoderExceptionFallbackctor', ID = '1703'
Method 'SystemBooleanSystemCharIsSurrogateSystemStringSystemInt32', ID = '1704'
Method 'SystemBooleanSystemCharIsHighSurrogateSystemStringSystemInt32', ID = '1705'
Method 'SystemStringSystemSRget_Argument_InvalidCharSequenceNoIndex', ID = '1706'
Method 'SystemInt32SystemTextInternalEncoderBestFitFallbackget_MaxCharCount', ID = '1708'
Method 'SystemStringSystemSRget_Argument_MustBeFalse', ID = '1710'
Method 'SystemVoidCosmosCore_PlugsSystemThreadingMonitorImplReliableEnterSystemObjectSystemBoolean', ID = '1711'
Method 'SystemInt32SystemTextEncoderReplacementFallbackBufferget_Remaining', ID = '1713'
Method 'SystemBooleanSystemTextEncoderReplacementFallbackBufferMovePrevious', ID = '1714'
Method 'SystemBooleanSystemTextEncoderReplacementFallbackBufferFallbackSystemCharSystemCharSystemInt32', ID = '1715'
Method 'SystemBooleanSystemTextEncoderReplacementFallbackBufferFallbackSystemCharSystemInt32', ID = '1716'
Method 'SystemCharSystemTextEncoderReplacementFallbackBufferGetNextChar', ID = '1717'
Method 'SystemObjectCosmosCore_PlugsSystemTextDecoderFallbackImplget_InternalSyncObject', ID = '1721'
Method 'SystemBooleanSystemCharIsSurrogateSystemChar', ID = '1724'
Method 'SystemTextEncoderFallbackBufferCosmosCore_PlugsSystemTextInternalEncoderBestFitFallbackImplCreateFallbackBuffer', ID = '1725'
Method 'SystemStringSystemSRget_ArgumentOutOfRange_Range', ID = '1726'
Method 'SystemInt32SystemTextEncoderExceptionFallbackget_MaxCharCount', ID = '1728'
Method 'SystemTextEncoderFallbackBufferSystemTextEncoderExceptionFallbackCreateFallbackBuffer', ID = '1729'
Method 'SystemVoidSystemTextEncoderExceptionFallbackBufferctor', ID = '1731'
Method 'SystemInt32SystemTextEncoderExceptionFallbackBufferget_Remaining', ID = '1733'
Method 'SystemBooleanSystemTextEncoderExceptionFallbackBufferMovePrevious', ID = '1734'
Method 'SystemBooleanSystemTextEncoderExceptionFallbackBufferFallbackSystemCharSystemCharSystemInt32', ID = '1735'
Method 'SystemBooleanSystemTextEncoderExceptionFallbackBufferFallbackSystemCharSystemInt32', ID = '1736'
Method 'SystemCharSystemTextEncoderExceptionFallbackBufferGetNextChar', ID = '1737'
Method 'SystemStringSystemSRget_Argument_InvalidCodePageConversionIndex', ID = '1738'
Method 'SystemVoidSystemTextEncoderFallbackExceptionctorSystemStringSystemCharSystemCharSystemInt32', ID = '1739'
Method 'SystemVoidSystemTextEncoderFallbackExceptionctorSystemStringSystemCharSystemInt32', ID = '1740'
